19:50:26.119 MESSAGE ocpn_app.cpp:1205 

________

19:50:26.120    INFO logger.cpp:130 ------- OpenCPN version 5.7.1 restarted at 2023-04-03 -------

19:50:26.120    INFO logger.cpp:130 Using loglevel INFO
19:50:26.120 MESSAGE ocpn_app.cpp:1229 wxWidgets version: wxWidgets 3.2.2.1 Microsoft Windows NT 64 bit wxMSW
19:50:26.120 MESSAGE ocpn_app.cpp:1234 OS Version reports as:  10.0
19:50:26.120 MESSAGE ocpn_app.cpp:1236 MemoryStatus:  mem_total: 15720 mb,  mem_initial: 17 mb
19:50:26.120 MESSAGE ocpn_app.cpp:1248 OCPN_OSDetail:  x86_64 ; msvc-wx32 ; 10.0.25330 ;  ; 
19:50:26.120 MESSAGE ocpn_app.cpp:1255 SData_Locn is C:\storage\transmitterdan\OpenCPN\build\Release\
19:50:26.120 MESSAGE ocpn_app.cpp:1270 PrivateDataDir is C:\storage\transmitterdan\OpenCPN\build\Release
19:50:26.160 MESSAGE ocpn_app.cpp:1358 Creating new Config_File: C:\storage\transmitterdan\OpenCPN\build\Release\opencpn.ini
19:50:26.170 MESSAGE navutil.cpp:1262 winPluginDir, read from ini file: 
19:50:26.170 MESSAGE navutil.cpp:3211 Switch InlandEcdis mode Off
19:50:26.170 MESSAGE styles.cpp:841 Styles loading from C:\storage\transmitterdan\OpenCPN\build\Release\uidata\styles.xml
19:50:26.170 MESSAGE styles.cpp:818 No styles found at: C:\storage\transmitterdan\OpenCPN\build\Release\
19:50:26.170 MESSAGE styles.cpp:801 No styles found at: C:\storage\transmitterdan\OpenCPN\build\Release\.opencpn\
19:50:26.201 MESSAGE styles.cpp:775 Using SVG Icons
19:50:26.201 MESSAGE ocpn_app.cpp:1415 Detected display size (horizontal): 508 mm
19:50:26.201 MESSAGE OCPNPlatform.cpp:834 Adding catalog lookup path:  C:\storage\transmitterdan\OpenCPN\build\Release\share\locale
19:50:26.201 MESSAGE base_platform.cpp:350 Using portable plugin dir: C:\storage\transmitterdan\OpenCPN\build\Release\plugins
19:50:26.201 MESSAGE OCPNPlatform.cpp:844 Adding catalog lookup path:  C:\storage\transmitterdan\OpenCPN\build\Release\share\locale
19:50:26.201 MESSAGE OCPNPlatform.cpp:885 Getting DefaultSystemLocale...
19:50:26.201 MESSAGE OCPNPlatform.cpp:906 Found LanguageInfo for: English
19:50:26.201 MESSAGE ocpn_app.cpp:1451 System default Language:  en
19:50:26.201 MESSAGE ocpn_app.cpp:1454 Config file language:  
19:50:26.201 MESSAGE OCPNPlatform.cpp:937 Retrieving initial language selection from Windows Registry
19:50:26.201 MESSAGE ocpn_app.cpp:1459 Adjusted App language:  en_US
19:50:26.201 MESSAGE OCPNPlatform.cpp:966 ChangeLocale: Language load for:  en_US
19:50:26.328 MESSAGE OCPNPlatform.cpp:1019 ChangeLocale: Locale Init OK for:  en_US
19:50:26.328 MESSAGE OCPNPlatform.cpp:1044 Loading catalog for opencpn core.
19:50:26.343 MESSAGE OCPNPlatform.cpp:885 Getting DefaultSystemLocale...
19:50:26.343 MESSAGE OCPNPlatform.cpp:906 Found LanguageInfo for: English
19:50:26.343 MESSAGE ocpn_app.cpp:1466 Opencpn language set to:  en_US
19:50:26.343 MESSAGE ConfigMgr.cpp:603 Creating new Configs catalog: C:\storage\transmitterdan\OpenCPN\build\Release\Configs\configs.xml
19:50:26.343 MESSAGE ConfigMgr.cpp:624 Loading Configs catalog: C:\storage\transmitterdan\OpenCPN\build\Release\Configs\configs.xml
19:50:26.360 MESSAGE ocpn_app.cpp:1709 Creating MyFrame...size(1344, 722)  position(0, 0)
19:50:26.360   ERROR file.cpp:216 can't open file 'C:\storage\transmitterdan\OpenCPN\build\Release\MMSINAME.CSV' (error 2: The system cannot find the file specified.)
19:50:26.360 MESSAGE ocpn_frame.cpp:838  **** Connect stuff
19:50:27.782 MESSAGE chcanv.cpp:990 Creating glChartCanvas
19:50:27.988 MESSAGE chcanv.cpp:2398 Metrics:  m_display_size_mm: 508     g_Platform->getDisplaySize():  1920:1080   
19:50:27.988 MESSAGE chcanv.cpp:2403 wxDisplaySize(): 1920 1080
19:50:27.988 MESSAGE TCDataSource.cpp:50 Loading Tide/Current data source: tcdata\harmonics-dwf-20210110-free.tcd
19:50:28.464 MESSAGE TCDataSource.cpp:50 Loading Tide/Current data source: tcdata\HARMONICS_NO_US.IDX
19:50:28.763 MESSAGE ocpn_app.cpp:1787 Retrieving initial Chart Directory set from Windows Registry
19:50:28.763   ERROR registry.cpp:1100 Can't read value of 'HKLM\SOFTWARE\OpenCPN\ChartDirs' (error 2: The system cannot find the file specified.)
19:50:28.763 MESSAGE chartdb.cpp:214 ChartDB Cache policy:  Application target is 1024 MBytes
19:50:28.763 MESSAGE ocpn_app.cpp:1878 GPS Watchdog Timeout is: 10 sec.
19:50:28.794 MESSAGE ocpn_app.cpp:1958 OpenCPN Initialized in 3281 ms.
19:50:30.541 MESSAGE REST_server.cpp:755 Portable REST server IP: Port https://0.0.0.0:8444
19:50:30.557 MESSAGE glChartCanvas.cpp:1038 OpenGL-> Renderer String: AMD Radeon(TM) Graphics
19:50:30.557 MESSAGE glChartCanvas.cpp:1047 OpenGL-> Version reported:  4.6.14761 Compatibility Profile Context 21.30.14 30.0.13014.8
19:50:30.557 MESSAGE glChartCanvas.cpp:1054 OpenGL-> GLSL Version reported:  4.60
19:50:30.565 MESSAGE glChartCanvas.cpp:1137 OpenGL-> Texture rectangle format: de1
19:50:30.565 MESSAGE glChartCanvas.cpp:1152 OpenGL-> Using Vertexbuffer Objects
19:50:30.573 MESSAGE glChartCanvas.cpp:1009 OpenGL-> Framebuffer OK, size = 1326
19:50:30.573 MESSAGE glChartCanvas.cpp:1220 OpenGL-> Using Framebuffer Objects
19:50:30.573 MESSAGE glChartCanvas.cpp:1223 OpenGL-> Using FBO Stencil buffer
19:50:30.573 MESSAGE glChartCanvas.cpp:1230 OpenGL-> Using Stencil buffer clipping
19:50:30.573 MESSAGE glChartCanvas.cpp:1235 OpenGL-> Using Scissor Clipping
19:50:30.573 MESSAGE glChartCanvas.cpp:1342 OpenGL-> Using s3tc dxt1 compression
19:50:30.573 MESSAGE glChartCanvas.cpp:1371 OpenGL-> Compressed tile size: 128kb (8:1)
19:50:30.573 MESSAGE glChartCanvas.cpp:1246 OpenGL-> Minimum cartographic line width:  1.0
19:50:30.573 MESSAGE glChartCanvas.cpp:1249 OpenGL-> Minimum symbol line width:  1.0
19:50:30.589 MESSAGE gshhs.cpp:1322 Loading World Chart Q=0 in 0 ms.
19:50:30.589 MESSAGE gshhs.cpp:173 Background world map loaded from GSHHS datafiles found in: C:\storage\transmitterdan\OpenCPN\build\Release\gshhs\
19:50:30.712 MESSAGE ocpn_frame.cpp:4738 OnInitTimer...0
19:50:49.390 MESSAGE comm_bridge.cpp:186    ***GPS Watchdog timeout at Lat:33.358   Lon: -79.282
19:51:27.975 MESSAGE ocpn_frame.cpp:5640 LOGBOOK:  2023-04-04 00:51:27 UTC  DR Lat   33.35800 Lon  -79.28200
19:52:52.295 MESSAGE chartdb.cpp:214 ChartDB Cache policy:  Application target is 1024 MBytes
19:52:53.998 MESSAGE chartdbs.cpp:1795 check_cm93 opened dir OK:  C:\storage\transmitterdan\OpenCPN\build\Release\charts
19:52:53.998 MESSAGE chartdbs.cpp:1970 Searching directory: C:\storage\transmitterdan\OpenCPN\build\Release\charts for *.kap
19:52:53.998 MESSAGE chartdbs.cpp:1795 check_cm93 opened dir OK:  C:\storage\transmitterdan\OpenCPN\build\Release\charts
19:52:53.998 MESSAGE chartdbs.cpp:1970 Searching directory: C:\storage\transmitterdan\OpenCPN\build\Release\charts for *.geo
19:52:53.998 MESSAGE chartdbs.cpp:1795 check_cm93 opened dir OK:  C:\storage\transmitterdan\OpenCPN\build\Release\charts
19:52:53.998 MESSAGE chartdbs.cpp:1970 Searching directory: C:\storage\transmitterdan\OpenCPN\build\Release\charts for *.000
19:52:53.998 MESSAGE chartdbs.cpp:1795 check_cm93 opened dir OK:  C:\storage\transmitterdan\OpenCPN\build\Release\charts
19:52:54.014 MESSAGE chartdbs.cpp:1970 Searching directory: C:\storage\transmitterdan\OpenCPN\build\Release\charts for *.s57
19:52:54.014 MESSAGE chartdbs.cpp:1795 check_cm93 opened dir OK:  C:\storage\transmitterdan\OpenCPN\build\Release\charts
19:52:54.014 MESSAGE chartdbs.cpp:1970 Searching directory: C:\storage\transmitterdan\OpenCPN\build\Release\charts for 00300000.a
19:52:54.014 MESSAGE chartdbs.cpp:1795 check_cm93 opened dir OK:  C:\storage\transmitterdan\OpenCPN\build\Release\charts
19:52:54.014 MESSAGE chartdbs.cpp:1970 Searching directory: C:\storage\transmitterdan\OpenCPN\build\Release\charts for *.mbtiles
19:52:54.014 MESSAGE chartdbs.cpp:1795 check_cm93 opened dir OK:  C:\storage\transmitterdan\OpenCPN\build\Release\charts
19:52:55.825 MESSAGE waypointman_gui.cpp:58 DPMM: 3.77953   ScaleFactorExp: 1
19:52:55.825 MESSAGE waypointman_gui.cpp:65 Looking for UserIcons at C:\storage\transmitterdan\OpenCPN\build\Release\UserIcons/
19:52:55.825 MESSAGE waypointman_gui.cpp:68 Loading UserIcons from C:\storage\transmitterdan\OpenCPN\build\Release\UserIcons/
19:52:55.826 MESSAGE navutil.cpp:1693 Loading navobjects from navobj.xml
19:52:55.827 MESSAGE navutil.cpp:1704 Done loading navobjects, 0 duplicate waypoints ignored
19:52:55.827 MESSAGE ocpn_frame.cpp:4833 Getting .gpx layer files from: C:\storage\transmitterdan\OpenCPN\build\Release\layers
19:52:55.926 MESSAGE ocpn_frame.cpp:4738 OnInitTimer...1
19:52:56.082 MESSAGE ocpn_frame.cpp:4738 OnInitTimer...2
19:52:56.082 MESSAGE plugin_loader.cpp:245 PluginLoader: loading plugins from C:\storage\transmitterdan\OpenCPN\build\Release\plugins
19:52:56.082 MESSAGE plugin_loader.cpp:170 Using PATH: C:\storage\transmitterdan\OpenCPN\build\Release\plugins;C:\Program Files\Microsoft Visual Studio\2022\Community\VC\Tools\MSVC\14.35.32215\bin\HostX86\x86;C:\Program Files\Microsoft Visual Studio\2022\Community\Common7\IDE\VC\VCPackages;C:\Program Files\Microsoft Visual Studio\2022\Community\Common7\IDE\CommonExtensions\Microsoft\TestWindow;C:\Program Files\Microsoft Visual Studio\2022\Community\Common7\IDE\CommonExtensions\Microsoft\TeamFoundation\Team Explorer;C:\Program Files\Microsoft Visual Studio\2022\Community\MSBuild\Current\bin\Roslyn;C:\Program Files\Microsoft Visual Studio\2022\Community\Team Tools\Performance Tools;C:\Program Files (x86)\Microsoft Visual Studio\Shared\Common\VSPerfCollectionTools\vs2019\;C:\Program Files (x86)\Microsoft SDKs\Windows\v10.0A\bin\NETFX 4.8 Tools\;C:\Program Files (x86)\Windows Kits\10\bin\10.0.19041.0\\x86;C:\Program Files (x86)\Windows Kits\10\bin\\x86;C:\Program Files\Microsoft Visual Studio\2022\Community\\MSBuild\Current\Bin\amd64;C:\WINDOWS\Microsoft.NET\Framework\v4.0.30319;C:\Program Files\Microsoft Visual Studio\2022\Community\Common7\IDE\;C:\Program Files\Microsoft Visual Studio\2022\Community\Common7\Tools\;C:\WINDOWS\system32;C:\WINDOWS;C:\WINDOWS\System32\WindowsPowerShell\v1.0;C:\WINDOWS\System32\Wbem;C:\WINDOWS\System32\OpenSSH\;C:\Program Files\PowerShell\7\;C:\Program Files\dotnet\;C:\Program Files\Git\cmd;C:\WINDOWS\System32\WindowsPowerShell\v1.0\;C:\ProgramData\chocolatey\bin;C:\Program Files\Notepad++;C:\Users\dldic\AppData\Local\Microsoft\WindowsApps;C:\Program Files\Microsoft Visual Studio\2022\Community\Common7\IDE\CommonExtensions\Microsoft\CMake\CMake\bin;C:\Program Files\Microsoft Visual Studio\2022\Community\Common7\IDE\CommonExtensions\Microsoft\CMake\Ninja;C:\Program Files\Microsoft Visual Studio\2022\Community\Common7\IDE\VC\Linux\bin\ConnectionManagerExe;C:\storage\transmitterdan\OpenCPN\build\NSIS-Package.3.0.8.1\NSIS\;C:\storage\transmitterdan\OpenCPN\build\NSIS-Package.3.0.8.1\NSIS\bin\;C:\storage\transmitterdan\OpenCPN\build\Gettext.Tools.0.21.1\tools\bin\;C:\storage\transmitterdan\OpenCPN\build\NSIS-Package.3.0.8.1\NSIS\;C:\storage\transmitterdan\OpenCPN\build\NSIS-Package.3.0.8.1\NSIS\bin\;C:\storage\transmitterdan\OpenCPN\build\Gettext.Tools.0.21.1\tools\bin\;C:\storage\transmitterdan\OpenCPN\build\NSIS-Package.3.0.8.1\NSIS\;C:\storage\transmitterdan\OpenCPN\build\NSIS-Package.3.0.8.1\NSIS\bin\;C:\storage\transmitterdan\OpenCPN\build\Gettext.Tools.0.21.1\tools\bin\
19:52:56.082 MESSAGE plugin_loader.cpp:250 Loading plugins from dir: C:\storage\transmitterdan\OpenCPN\build\Release\plugins
19:52:56.082 MESSAGE plugin_loader.cpp:437 PluginLoader searching for PlugIns in location C:\storage\transmitterdan\OpenCPN\build\Release\plugins
19:52:56.082 MESSAGE plugin_loader.cpp:475 Found 4 candidates
19:52:56.082 MESSAGE plugin_loader.cpp:270 Checking plugin candidate: C:\storage\transmitterdan\OpenCPN\build\Release\plugins\chartdldr_pi.dll
19:52:56.082 MESSAGE plugin_loader.cpp:1172 Plugin is compatible: true
19:52:56.082 MESSAGE plugin_loader.cpp:1187 PluginLoader: Loading PlugIn: C:\storage\transmitterdan\OpenCPN\build\Release\plugins\chartdldr_pi.dll
19:52:56.218 MESSAGE chartdldr_pi.cpp:305 chartdldr_pi:m_base_chart_dir: C:\Users\dldic\Documents\Charts
19:52:56.221 MESSAGE plugin_loader.cpp:270 Checking plugin candidate: C:\storage\transmitterdan\OpenCPN\build\Release\plugins\dashboard_pi.dll
19:52:56.221 MESSAGE plugin_loader.cpp:1172 Plugin is compatible: true
19:52:56.222 MESSAGE plugin_loader.cpp:1187 PluginLoader: Loading PlugIn: C:\storage\transmitterdan\OpenCPN\build\Release\plugins\dashboard_pi.dll
19:52:56.384 MESSAGE plugin_loader.cpp:270 Checking plugin candidate: C:\storage\transmitterdan\OpenCPN\build\Release\plugins\grib_pi.dll
19:52:56.385 MESSAGE plugin_loader.cpp:1172 Plugin is compatible: true
19:52:56.385 MESSAGE plugin_loader.cpp:1187 PluginLoader: Loading PlugIn: C:\storage\transmitterdan\OpenCPN\build\Release\plugins\grib_pi.dll
19:52:56.627 MESSAGE plugin_loader.cpp:270 Checking plugin candidate: C:\storage\transmitterdan\OpenCPN\build\Release\plugins\wmm_pi.dll
19:52:56.631 MESSAGE plugin_loader.cpp:1172 Plugin is compatible: true
19:52:56.631 MESSAGE plugin_loader.cpp:1187 PluginLoader: Loading PlugIn: C:\storage\transmitterdan\OpenCPN\build\Release\plugins\wmm_pi.dll
19:52:56.962 MESSAGE wmm_pi.cpp:46 WMM: WMM model data loaded from file C:\storage\transmitterdan\OpenCPN\build\Release\plugins\wmm_pi\data\WMM.COF.
19:52:57.084 MESSAGE glChartCanvas.cpp:554 BuildFBO 3
19:52:57.085 MESSAGE glChartCanvas.cpp:1009 OpenGL-> Framebuffer OK, size = 1326
19:52:57.088 MESSAGE pluginmanager.cpp:1344 PlugInManager: Calling LateInit PlugIn: C:\storage\transmitterdan\OpenCPN\build\Release\plugins\grib_pi.dll
19:52:57.090 MESSAGE OCPNPlatform.cpp:966 ChangeLocale: Language load for:  en_US
19:52:57.091 MESSAGE OCPNPlatform.cpp:1019 ChangeLocale: Locale Init OK for:  en_US
19:52:57.092 MESSAGE OCPNPlatform.cpp:1039 Loaded translation catalog for:  opencpn-chartdldr_pi
19:52:57.092 MESSAGE OCPNPlatform.cpp:1039 Loaded translation catalog for:  opencpn-wmm_pi
19:52:57.092 MESSAGE OCPNPlatform.cpp:1044 Loading catalog for opencpn core.
19:52:57.092 MESSAGE OCPNPlatform.cpp:885 Getting DefaultSystemLocale...
19:52:57.092 MESSAGE OCPNPlatform.cpp:906 Found LanguageInfo for: English
19:52:57.195 MESSAGE ocpn_frame.cpp:4738 OnInitTimer...3
19:52:57.299 MESSAGE ocpn_frame.cpp:4738 OnInitTimer...4
19:53:02.078 MESSAGE options.cpp:5352 options: got device count: 1
19:53:03.745 MESSAGE ocpn_frame.cpp:4738 OnInitTimer...5
19:53:03.845 MESSAGE ocpn_frame.cpp:4738 OnInitTimer...6
19:53:03.957 MESSAGE ocpn_frame.cpp:4738 OnInitTimer...7
19:53:03.957 MESSAGE ocpn_frame.cpp:5024 OnInitTimer...Last Call
19:53:03.967 MESSAGE ocpn_frame.cpp:5042 OnInitTimer...Finalize Canvases
19:53:04.063 MESSAGE glChartCanvas.cpp:554 BuildFBO 3
19:53:04.079 MESSAGE glChartCanvas.cpp:1009 OpenGL-> Framebuffer OK, size = 1326
19:53:04.083 MESSAGE glChartCanvas.cpp:554 BuildFBO 3
19:53:04.083 MESSAGE glChartCanvas.cpp:1009 OpenGL-> Framebuffer OK, size = 1326
19:55:05.237 MESSAGE ocpn_frame.cpp:4632    
19:55:05.237 MESSAGE ocpn_frame.cpp:4633 Starting chart database Update...
19:55:05.237 MESSAGE chartdbs.cpp:1795 check_cm93 opened dir OK:  ..\..\..\Charts
19:55:06.220 MESSAGE chartdbs.cpp:1970 Searching directory: ..\..\..\Charts for *.kap
19:55:06.221 MESSAGE chartdbs.cpp:1795 check_cm93 opened dir OK:  ..\..\..\Charts
19:55:06.551 MESSAGE chartdbs.cpp:2526 Loading chart data for ..\..\..\Charts\RNC\US_REGION14\18003\18003_1.KAP
19:55:06.567 MESSAGE chartdbs.cpp:2220    Adding chart file: ..\..\..\Charts\RNC\US_REGION14\18003\18003_1.KAP
19:55:06.567 MESSAGE chartdbs.cpp:2526 Loading chart data for ..\..\..\Charts\RNC\US_REGION14\18007\18007_1.KAP
19:55:06.589 MESSAGE chartdbs.cpp:2220    Adding chart file: ..\..\..\Charts\RNC\US_REGION14\18007\18007_1.KAP
19:55:06.612 MESSAGE chartdbs.cpp:2526 Loading chart data for ..\..\..\Charts\RNC\US_REGION14\18010\18010_1.KAP
19:55:06.621 MESSAGE chartdbs.cpp:2220    Adding chart file: ..\..\..\Charts\RNC\US_REGION14\18010\18010_1.KAP
19:55:06.621 MESSAGE chartdbs.cpp:2526 Loading chart data for ..\..\..\Charts\RNC\US_REGION14\18020\18020_1.KAP
19:55:06.623 MESSAGE chartdbs.cpp:2220    Adding chart file: ..\..\..\Charts\RNC\US_REGION14\18020\18020_1.KAP
19:55:06.651 MESSAGE chartdbs.cpp:2526 Loading chart data for ..\..\..\Charts\RNC\US_REGION14\18022\18022_1.KAP
19:55:06.657 MESSAGE chartdbs.cpp:2220    Adding chart file: ..\..\..\Charts\RNC\US_REGION14\18022\18022_1.KAP
19:55:06.657 MESSAGE chartdbs.cpp:2526 Loading chart data for ..\..\..\Charts\RNC\US_REGION14\18400\18400_1.KAP
19:55:06.675 MESSAGE chartdbs.cpp:2220    Adding chart file: ..\..\..\Charts\RNC\US_REGION14\18400\18400_1.KAP
19:55:06.686 MESSAGE chartdbs.cpp:2526 Loading chart data for ..\..\..\Charts\RNC\US_REGION14\18460\18460_1.KAP
19:55:06.693 MESSAGE chartdbs.cpp:2220    Adding chart file: ..\..\..\Charts\RNC\US_REGION14\18460\18460_1.KAP
19:55:06.693 MESSAGE chartdbs.cpp:2526 Loading chart data for ..\..\..\Charts\RNC\US_REGION14\18480\18480_1.KAP
19:55:06.698 MESSAGE chartdbs.cpp:2220    Adding chart file: ..\..\..\Charts\RNC\US_REGION14\18480\18480_1.KAP
19:55:06.710 MESSAGE chartdbs.cpp:2526 Loading chart data for ..\..\..\Charts\RNC\US_REGION14\18480\18480_2.KAP
19:55:06.710 MESSAGE chartdbs.cpp:2220    Adding chart file: ..\..\..\Charts\RNC\US_REGION14\18480\18480_2.KAP
19:55:06.710 MESSAGE chartdbs.cpp:2526 Loading chart data for ..\..\..\Charts\RNC\US_REGION14\18484\18484_1.KAP
19:55:06.710 MESSAGE chartdbs.cpp:2220    Adding chart file: ..\..\..\Charts\RNC\US_REGION14\18484\18484_1.KAP
19:55:06.721 MESSAGE chartdbs.cpp:2526 Loading chart data for ..\..\..\Charts\RNC\US_REGION14\18485\18485_1.KAP
19:55:06.721 MESSAGE chartdbs.cpp:2220    Adding chart file: ..\..\..\Charts\RNC\US_REGION14\18485\18485_1.KAP
19:55:06.721 MESSAGE chartdbs.cpp:2526 Loading chart data for ..\..\..\Charts\RNC\US_REGION14\18500\18500_1.KAP
19:55:06.736 MESSAGE chartdbs.cpp:2220    Adding chart file: ..\..\..\Charts\RNC\US_REGION14\18500\18500_1.KAP
19:55:06.752 MESSAGE chartdbs.cpp:2526 Loading chart data for ..\..\..\Charts\RNC\US_REGION14\18502\18502_1.KAP
19:55:06.752 MESSAGE chartdbs.cpp:2220    Adding chart file: ..\..\..\Charts\RNC\US_REGION14\18502\18502_1.KAP
19:55:06.752 MESSAGE chartdbs.cpp:2526 Loading chart data for ..\..\..\Charts\RNC\US_REGION14\18502\18502_2.KAP
19:55:06.752 MESSAGE chartdbs.cpp:2220    Adding chart file: ..\..\..\Charts\RNC\US_REGION14\18502\18502_2.KAP
19:55:06.767 MESSAGE chartdbs.cpp:2526 Loading chart data for ..\..\..\Charts\RNC\US_REGION14\18502\18502_3.KAP
19:55:06.767 MESSAGE chartdbs.cpp:2220    Adding chart file: ..\..\..\Charts\RNC\US_REGION14\18502\18502_3.KAP
19:55:06.767 MESSAGE chartdbs.cpp:2526 Loading chart data for ..\..\..\Charts\RNC\US_REGION14\18520\18520_1.KAP
19:55:06.767 MESSAGE chartdbs.cpp:2220    Adding chart file: ..\..\..\Charts\RNC\US_REGION14\18520\18520_1.KAP
19:55:06.803 MESSAGE chartdbs.cpp:2526 Loading chart data for ..\..\..\Charts\RNC\US_REGION14\18520\18520_2.KAP
19:55:06.805 MESSAGE chartdbs.cpp:2220    Adding chart file: ..\..\..\Charts\RNC\US_REGION14\18520\18520_2.KAP
19:55:06.805 MESSAGE chartdbs.cpp:2526 Loading chart data for ..\..\..\Charts\RNC\US_REGION14\18521\18521_1.KAP
19:55:06.810 MESSAGE chartdbs.cpp:2220    Adding chart file: ..\..\..\Charts\RNC\US_REGION14\18521\18521_1.KAP
19:55:06.840 MESSAGE chartdbs.cpp:2526 Loading chart data for ..\..\..\Charts\RNC\US_REGION14\18521\18521_2.KAP
19:55:06.840 MESSAGE chartdbs.cpp:2220    Adding chart file: ..\..\..\Charts\RNC\US_REGION14\18521\18521_2.KAP
19:55:06.840 MESSAGE chartdbs.cpp:2526 Loading chart data for ..\..\..\Charts\RNC\US_REGION14\18523\18523_1.KAP
19:55:06.840 MESSAGE chartdbs.cpp:2220    Adding chart file: ..\..\..\Charts\RNC\US_REGION14\18523\18523_1.KAP
19:55:06.867 MESSAGE chartdbs.cpp:2526 Loading chart data for ..\..\..\Charts\RNC\US_REGION14\18524\18524_1.KAP
19:55:06.871 MESSAGE chartdbs.cpp:2220    Adding chart file: ..\..\..\Charts\RNC\US_REGION14\18524\18524_1.KAP
19:55:06.871 MESSAGE chartdbs.cpp:2526 Loading chart data for ..\..\..\Charts\RNC\US_REGION14\18524\18524_2.KAP
19:55:06.874 MESSAGE chartdbs.cpp:2220    Adding chart file: ..\..\..\Charts\RNC\US_REGION14\18524\18524_2.KAP
19:55:06.889 MESSAGE chartdbs.cpp:2526 Loading chart data for ..\..\..\Charts\RNC\US_REGION14\18525\18525_1.KAP
19:55:06.889 MESSAGE chartdbs.cpp:2220    Adding chart file: ..\..\..\Charts\RNC\US_REGION14\18525\18525_1.KAP
19:55:06.889 MESSAGE chartdbs.cpp:2526 Loading chart data for ..\..\..\Charts\RNC\US_REGION14\18526\18526_1.KAP
19:55:06.889 MESSAGE chartdbs.cpp:2220    Adding chart file: ..\..\..\Charts\RNC\US_REGION14\18526\18526_1.KAP
19:55:06.910 MESSAGE chartdbs.cpp:2526 Loading chart data for ..\..\..\Charts\RNC\US_REGION14\18526\18526_2.KAP
19:55:06.910 MESSAGE chartdbs.cpp:2220    Adding chart file: ..\..\..\Charts\RNC\US_REGION14\18526\18526_2.KAP
19:55:06.910 MESSAGE chartdbs.cpp:2526 Loading chart data for ..\..\..\Charts\RNC\US_REGION14\18531\18531_1.KAP
19:55:06.920 MESSAGE chartdbs.cpp:2220    Adding chart file: ..\..\..\Charts\RNC\US_REGION14\18531\18531_1.KAP
19:55:06.936 MESSAGE chartdbs.cpp:2526 Loading chart data for ..\..\..\Charts\RNC\US_REGION14\18531\18531_2.KAP
19:55:06.936 MESSAGE chartdbs.cpp:2220    Adding chart file: ..\..\..\Charts\RNC\US_REGION14\18531\18531_2.KAP
19:55:06.936 MESSAGE chartdbs.cpp:2526 Loading chart data for ..\..\..\Charts\RNC\US_REGION14\18531\18531_3.KAP
19:55:06.936 MESSAGE chartdbs.cpp:2220    Adding chart file: ..\..\..\Charts\RNC\US_REGION14\18531\18531_3.KAP
19:55:06.952 MESSAGE chartdbs.cpp:2526 Loading chart data for ..\..\..\Charts\RNC\US_REGION14\18532\18532_1.KAP
19:55:06.952 MESSAGE chartdbs.cpp:2220    Adding chart file: ..\..\..\Charts\RNC\US_REGION14\18532\18532_1.KAP
19:55:06.952 MESSAGE chartdbs.cpp:2526 Loading chart data for ..\..\..\Charts\RNC\US_REGION14\18532\18532_2.KAP
19:55:06.967 MESSAGE chartdbs.cpp:2220    Adding chart file: ..\..\..\Charts\RNC\US_REGION14\18532\18532_2.KAP
19:55:06.967 MESSAGE chartdbs.cpp:2526 Loading chart data for ..\..\..\Charts\RNC\US_REGION14\18532\18532_3.KAP
19:55:06.983 MESSAGE chartdbs.cpp:2220    Adding chart file: ..\..\..\Charts\RNC\US_REGION14\18532\18532_3.KAP
19:55:06.983 MESSAGE chartdbs.cpp:2526 Loading chart data for ..\..\..\Charts\RNC\US_REGION14\18532\18532_4.KAP
19:55:06.983 MESSAGE chartdbs.cpp:2220    Adding chart file: ..\..\..\Charts\RNC\US_REGION14\18532\18532_4.KAP
19:55:07.016 MESSAGE chartdbs.cpp:2526 Loading chart data for ..\..\..\Charts\RNC\US_REGION14\18533\18533_1.KAP
19:55:07.021 MESSAGE chartdbs.cpp:2220    Adding chart file: ..\..\..\Charts\RNC\US_REGION14\18533\18533_1.KAP
19:55:07.021 MESSAGE chartdbs.cpp:2526 Loading chart data for ..\..\..\Charts\RNC\US_REGION14\18533\18533_2.KAP
19:55:07.025 MESSAGE chartdbs.cpp:2220    Adding chart file: ..\..\..\Charts\RNC\US_REGION14\18533\18533_2.KAP
19:55:07.057 MESSAGE chartdbs.cpp:2526 Loading chart data for ..\..\..\Charts\RNC\US_REGION14\18535\18535_1.KAP
19:55:07.057 MESSAGE chartdbs.cpp:2220    Adding chart file: ..\..\..\Charts\RNC\US_REGION14\18535\18535_1.KAP
19:55:07.057 MESSAGE chartdbs.cpp:2526 Loading chart data for ..\..\..\Charts\RNC\US_REGION14\18535\18535_2.KAP
19:55:07.072 MESSAGE chartdbs.cpp:2220    Adding chart file: ..\..\..\Charts\RNC\US_REGION14\18535\18535_2.KAP
19:55:07.086 MESSAGE chartdbs.cpp:2526 Loading chart data for ..\..\..\Charts\RNC\US_REGION14\18536\18536_1.KAP
19:55:07.090 MESSAGE chartdbs.cpp:2220    Adding chart file: ..\..\..\Charts\RNC\US_REGION14\18536\18536_1.KAP
19:55:07.090 MESSAGE chartdbs.cpp:2526 Loading chart data for ..\..\..\Charts\RNC\US_REGION14\18536\18536_2.KAP
19:55:07.093 MESSAGE chartdbs.cpp:2220    Adding chart file: ..\..\..\Charts\RNC\US_REGION14\18536\18536_2.KAP
19:55:07.105 MESSAGE chartdbs.cpp:2526 Loading chart data for ..\..\..\Charts\RNC\US_REGION14\18537\18537_1.KAP
19:55:07.110 MESSAGE chartdbs.cpp:2220    Adding chart file: ..\..\..\Charts\RNC\US_REGION14\18537\18537_1.KAP
19:55:07.110 MESSAGE chartdbs.cpp:2526 Loading chart data for ..\..\..\Charts\RNC\US_REGION14\18537\18537_2.KAP
19:55:07.110 MESSAGE chartdbs.cpp:2220    Adding chart file: ..\..\..\Charts\RNC\US_REGION14\18537\18537_2.KAP
19:55:07.120 MESSAGE chartdbs.cpp:2526 Loading chart data for ..\..\..\Charts\RNC\US_REGION14\18539\18539_1.KAP
19:55:07.120 MESSAGE chartdbs.cpp:2220    Adding chart file: ..\..\..\Charts\RNC\US_REGION14\18539\18539_1.KAP
19:55:07.120 MESSAGE chartdbs.cpp:2526 Loading chart data for ..\..\..\Charts\RNC\US_REGION14\18539\18539_2.KAP
19:55:07.136 MESSAGE chartdbs.cpp:2220    Adding chart file: ..\..\..\Charts\RNC\US_REGION14\18539\18539_2.KAP
19:55:07.152 MESSAGE chartdbs.cpp:2526 Loading chart data for ..\..\..\Charts\RNC\US_REGION14\18541\18541_1.KAP
19:55:07.152 MESSAGE chartdbs.cpp:2220    Adding chart file: ..\..\..\Charts\RNC\US_REGION14\18541\18541_1.KAP
19:55:07.152 MESSAGE chartdbs.cpp:2526 Loading chart data for ..\..\..\Charts\RNC\US_REGION14\18541\18541_2.KAP
19:55:07.152 MESSAGE chartdbs.cpp:2220    Adding chart file: ..\..\..\Charts\RNC\US_REGION14\18541\18541_2.KAP
19:55:07.167 MESSAGE chartdbs.cpp:2526 Loading chart data for ..\..\..\Charts\RNC\US_REGION14\18542\18542_1.KAP
19:55:07.167 MESSAGE chartdbs.cpp:2220    Adding chart file: ..\..\..\Charts\RNC\US_REGION14\18542\18542_1.KAP
19:55:07.167 MESSAGE chartdbs.cpp:2526 Loading chart data for ..\..\..\Charts\RNC\US_REGION14\18542\18542_2.KAP
19:55:07.183 MESSAGE chartimg.cpp:4530    Warning: Skew override on chart ..\..\..\Charts\RNC\US_REGION14\18542\18542_2.KAP is -17.6466 degrees
19:55:07.183 MESSAGE chartdbs.cpp:2220    Adding chart file: ..\..\..\Charts\RNC\US_REGION14\18542\18542_2.KAP
19:55:07.204 MESSAGE chartdbs.cpp:2526 Loading chart data for ..\..\..\Charts\RNC\US_REGION14\18543\18543_1.KAP
19:55:07.211 MESSAGE chartdbs.cpp:2220    Adding chart file: ..\..\..\Charts\RNC\US_REGION14\18543\18543_1.KAP
19:55:07.211 MESSAGE chartdbs.cpp:2526 Loading chart data for ..\..\..\Charts\RNC\US_REGION14\18545\18545_1.KAP
19:55:07.217 MESSAGE chartdbs.cpp:2220    Adding chart file: ..\..\..\Charts\RNC\US_REGION14\18545\18545_1.KAP
19:55:07.311 MESSAGE chartdbs.cpp:2526 Loading chart data for ..\..\..\Charts\RNC\US_REGION14\18545\18545_2.KAP
19:55:07.326 MESSAGE chartdbs.cpp:2220    Adding chart file: ..\..\..\Charts\RNC\US_REGION14\18545\18545_2.KAP
19:55:07.326 MESSAGE chartdbs.cpp:2526 Loading chart data for ..\..\..\Charts\RNC\US_REGION14\18546\18546_1.KAP
19:55:07.332 MESSAGE chartdbs.cpp:2220    Adding chart file: ..\..\..\Charts\RNC\US_REGION14\18546\18546_1.KAP
19:55:07.352 MESSAGE chartdbs.cpp:2526 Loading chart data for ..\..\..\Charts\RNC\US_REGION14\18546\18546_2.KAP
19:55:07.355 MESSAGE chartdbs.cpp:2220    Adding chart file: ..\..\..\Charts\RNC\US_REGION14\18546\18546_2.KAP
19:55:07.355 MESSAGE chartdbs.cpp:2526 Loading chart data for ..\..\..\Charts\RNC\US_REGION14\18546\18546_3.KAP
19:55:07.355 MESSAGE chartdbs.cpp:2220    Adding chart file: ..\..\..\Charts\RNC\US_REGION14\18546\18546_3.KAP
19:55:07.371 MESSAGE chartdbs.cpp:2526 Loading chart data for ..\..\..\Charts\RNC\US_REGION14\18547\18547_1.KAP
19:55:07.386 MESSAGE chartdbs.cpp:2220    Adding chart file: ..\..\..\Charts\RNC\US_REGION14\18547\18547_1.KAP
19:55:07.386 MESSAGE chartdbs.cpp:2526 Loading chart data for ..\..\..\Charts\RNC\US_REGION14\18547\18547_2.KAP
19:55:07.386 MESSAGE chartimg.cpp:4530    Warning: Skew override on chart ..\..\..\Charts\RNC\US_REGION14\18547\18547_2.KAP is -3.472 degrees
19:55:07.386 MESSAGE chartdbs.cpp:2220    Adding chart file: ..\..\..\Charts\RNC\US_REGION14\18547\18547_2.KAP
19:55:07.411 MESSAGE chartdbs.cpp:2526 Loading chart data for ..\..\..\Charts\RNC\US_REGION14\18548\18548_1.KAP
19:55:07.418 MESSAGE chartimg.cpp:4530    Warning: Skew override on chart ..\..\..\Charts\RNC\US_REGION14\18548\18548_1.KAP is -54.9408 degrees
19:55:07.418 MESSAGE chartdbs.cpp:2220    Adding chart file: ..\..\..\Charts\RNC\US_REGION14\18548\18548_1.KAP
19:55:07.418 MESSAGE chartdbs.cpp:2526 Loading chart data for ..\..\..\Charts\RNC\US_REGION14\18548\18548_2.KAP
19:55:07.431 MESSAGE chartdbs.cpp:2220    Adding chart file: ..\..\..\Charts\RNC\US_REGION14\18548\18548_2.KAP
19:55:07.476 MESSAGE chartdbs.cpp:2526 Loading chart data for ..\..\..\Charts\RNC\US_REGION14\18548\18548_3.KAP
19:55:07.476 MESSAGE chartdbs.cpp:2220    Adding chart file: ..\..\..\Charts\RNC\US_REGION14\18548\18548_3.KAP
19:55:07.476 MESSAGE chartdbs.cpp:2526 Loading chart data for ..\..\..\Charts\RNC\US_REGION14\18554\18554_1.KAP
19:55:07.476 MESSAGE chartdbs.cpp:2220    Adding chart file: ..\..\..\Charts\RNC\US_REGION14\18554\18554_1.KAP
19:55:07.509 MESSAGE chartdbs.cpp:2526 Loading chart data for ..\..\..\Charts\RNC\US_REGION14\18558\18558_1.KAP
19:55:07.514 MESSAGE chartdbs.cpp:2220    Adding chart file: ..\..\..\Charts\RNC\US_REGION14\18558\18558_1.KAP
19:55:07.514 MESSAGE chartdbs.cpp:2526 Loading chart data for ..\..\..\Charts\RNC\US_REGION14\18561\18561_1.KAP
19:55:07.521 MESSAGE chartdbs.cpp:2220    Adding chart file: ..\..\..\Charts\RNC\US_REGION14\18561\18561_1.KAP
19:55:07.538 MESSAGE chartdbs.cpp:2526 Loading chart data for ..\..\..\Charts\RNC\US_REGION14\18561\18561_2.KAP
19:55:07.538 MESSAGE chartdbs.cpp:2220    Adding chart file: ..\..\..\Charts\RNC\US_REGION14\18561\18561_2.KAP
19:55:07.538 MESSAGE chartdbs.cpp:2526 Loading chart data for ..\..\..\Charts\RNC\US_REGION14\18580\18580_1.KAP
19:55:07.538 MESSAGE chartdbs.cpp:2220    Adding chart file: ..\..\..\Charts\RNC\US_REGION14\18580\18580_1.KAP
19:55:07.569 MESSAGE chartdbs.cpp:2526 Loading chart data for ..\..\..\Charts\RNC\US_REGION14\18581\18581_1.KAP
19:55:07.569 MESSAGE chartdbs.cpp:2220    Adding chart file: ..\..\..\Charts\RNC\US_REGION14\18581\18581_1.KAP
19:55:07.569 MESSAGE chartdbs.cpp:2526 Loading chart data for ..\..\..\Charts\RNC\US_REGION14\18581\18581_2.KAP
19:55:07.585 MESSAGE chartdbs.cpp:2220    Adding chart file: ..\..\..\Charts\RNC\US_REGION14\18581\18581_2.KAP
19:55:07.600 MESSAGE chartdbs.cpp:2526 Loading chart data for ..\..\..\Charts\RNC\US_REGION14\18583\18583_1.KAP
19:55:07.600 MESSAGE chartdbs.cpp:2220    Adding chart file: ..\..\..\Charts\RNC\US_REGION14\18583\18583_1.KAP
19:55:07.600 MESSAGE chartdbs.cpp:2526 Loading chart data for ..\..\..\Charts\RNC\US_REGION14\18584\18584_1.KAP
19:55:07.616 MESSAGE chartdbs.cpp:2220    Adding chart file: ..\..\..\Charts\RNC\US_REGION14\18584\18584_1.KAP
19:55:07.642 MESSAGE chartdbs.cpp:2526 Loading chart data for ..\..\..\Charts\RNC\US_REGION14\18587\18587_1.KAP
19:55:07.650 MESSAGE chartdbs.cpp:2220    Adding chart file: ..\..\..\Charts\RNC\US_REGION14\18587\18587_1.KAP
19:55:07.650 MESSAGE chartdbs.cpp:2526 Loading chart data for ..\..\..\Charts\RNC\US_REGION14\18588\18588_1.KAP
19:55:07.657 MESSAGE chartdbs.cpp:2220    Adding chart file: ..\..\..\Charts\RNC\US_REGION14\18588\18588_1.KAP
19:55:07.708 MESSAGE chartdbs.cpp:2526 Loading chart data for ..\..\..\Charts\RNC\US_REGION14\18600\18600_1.KAP
19:55:07.713 MESSAGE chartdbs.cpp:2220    Adding chart file: ..\..\..\Charts\RNC\US_REGION14\18600\18600_1.KAP
19:55:07.713 MESSAGE chartdbs.cpp:2526 Loading chart data for ..\..\..\Charts\RNC\US_REGION14\18601\18601_1.KAP
19:55:07.718 MESSAGE chartdbs.cpp:2220    Adding chart file: ..\..\..\Charts\RNC\US_REGION14\18601\18601_1.KAP
19:55:07.757 MESSAGE chartdbs.cpp:2526 Loading chart data for ..\..\..\Charts\RNC\US_REGION14\18602\18602_1.KAP
19:55:07.757 MESSAGE chartdbs.cpp:2220    Adding chart file: ..\..\..\Charts\RNC\US_REGION14\18602\18602_1.KAP
19:55:07.757 MESSAGE chartdbs.cpp:2526 Loading chart data for ..\..\..\Charts\RNC\US_REGION14\18602\18602_2.KAP
19:55:07.772 MESSAGE chartdbs.cpp:2220    Adding chart file: ..\..\..\Charts\RNC\US_REGION14\18602\18602_2.KAP
19:55:07.796 MESSAGE chartdbs.cpp:2526 Loading chart data for ..\..\..\Charts\RNC\US_REGION14\18602\18602_3.KAP
19:55:07.798 MESSAGE chartdbs.cpp:2220    Adding chart file: ..\..\..\Charts\RNC\US_REGION14\18602\18602_3.KAP
19:55:07.798 MESSAGE chartdbs.cpp:2526 Loading chart data for ..\..\..\Charts\RNC\US_REGION14\18603\18603_1.KAP
19:55:07.802 MESSAGE chartdbs.cpp:2220    Adding chart file: ..\..\..\Charts\RNC\US_REGION14\18603\18603_1.KAP
19:55:07.820 MESSAGE chartdbs.cpp:2526 Loading chart data for ..\..\..\Charts\RNC\US_REGION14\18603\18603_2.KAP
19:55:07.820 MESSAGE chartdbs.cpp:2220    Adding chart file: ..\..\..\Charts\RNC\US_REGION14\18603\18603_2.KAP
19:55:07.820 MESSAGE chartdbs.cpp:2526 Loading chart data for ..\..\..\Charts\RNC\US_REGION14\18620\18620_1.KAP
19:55:07.820 MESSAGE chartdbs.cpp:2220    Adding chart file: ..\..\..\Charts\RNC\US_REGION14\18620\18620_1.KAP
19:55:07.866 MESSAGE chartdbs.cpp:2526 Loading chart data for ..\..\..\Charts\RNC\US_REGION14\18620\18620_2.KAP
19:55:07.870 MESSAGE chartdbs.cpp:2220    Adding chart file: ..\..\..\Charts\RNC\US_REGION14\18620\18620_2.KAP
19:55:07.870 MESSAGE chartdbs.cpp:2526 Loading chart data for ..\..\..\Charts\RNC\US_REGION14\18620\18620_3.KAP
19:55:07.873 MESSAGE chartdbs.cpp:2220    Adding chart file: ..\..\..\Charts\RNC\US_REGION14\18620\18620_3.KAP
19:55:07.929 MESSAGE chartdbs.cpp:2526 Loading chart data for ..\..\..\Charts\RNC\US_REGION14\18622\18622_1.KAP
19:55:07.929 MESSAGE chartdbs.cpp:2220    Adding chart file: ..\..\..\Charts\RNC\US_REGION14\18622\18622_1.KAP
19:55:07.929 MESSAGE chartdbs.cpp:2526 Loading chart data for ..\..\..\Charts\RNC\US_REGION14\18623\18623_1.KAP
19:55:07.940 MESSAGE chartdbs.cpp:2220    Adding chart file: ..\..\..\Charts\RNC\US_REGION14\18623\18623_1.KAP
19:55:07.958 MESSAGE chartdbs.cpp:2526 Loading chart data for ..\..\..\Charts\RNC\US_REGION14\18640\18640_1.KAP
19:55:07.976 MESSAGE chartdbs.cpp:2220    Adding chart file: ..\..\..\Charts\RNC\US_REGION14\18640\18640_1.KAP
19:55:07.976 MESSAGE chartdbs.cpp:2526 Loading chart data for ..\..\..\Charts\RNC\US_REGION14\18649\18649_1.KAP
19:55:07.989 MESSAGE chartdbs.cpp:2220    Adding chart file: ..\..\..\Charts\RNC\US_REGION14\18649\18649_1.KAP
19:55:08.013 MESSAGE chartdbs.cpp:2526 Loading chart data for ..\..\..\Charts\RNC\US_REGION14\18650\18650_1.KAP
19:55:08.020 MESSAGE chartdbs.cpp:2220    Adding chart file: ..\..\..\Charts\RNC\US_REGION14\18650\18650_1.KAP
19:55:08.020 MESSAGE chartdbs.cpp:2526 Loading chart data for ..\..\..\Charts\RNC\US_REGION14\18650\18650_2.KAP
19:55:08.020 MESSAGE chartdbs.cpp:2220    Adding chart file: ..\..\..\Charts\RNC\US_REGION14\18650\18650_2.KAP
19:55:08.051 MESSAGE chartdbs.cpp:2526 Loading chart data for ..\..\..\Charts\RNC\US_REGION14\18653\18653_1.KAP
19:55:08.051 MESSAGE chartdbs.cpp:2220    Adding chart file: ..\..\..\Charts\RNC\US_REGION14\18653\18653_1.KAP
19:55:08.051 MESSAGE chartdbs.cpp:2526 Loading chart data for ..\..\..\Charts\RNC\US_REGION14\18654\18654_1.KAP
19:55:08.051 MESSAGE chartdbs.cpp:2220    Adding chart file: ..\..\..\Charts\RNC\US_REGION14\18654\18654_1.KAP
19:55:08.127 MESSAGE chartdbs.cpp:2526 Loading chart data for ..\..\..\Charts\RNC\US_REGION14\18654\18654_2.KAP
19:55:08.130 MESSAGE chartdbs.cpp:2220    Adding chart file: ..\..\..\Charts\RNC\US_REGION14\18654\18654_2.KAP
19:55:08.130 MESSAGE chartdbs.cpp:2526 Loading chart data for ..\..\..\Charts\RNC\US_REGION14\18655\18655_1.KAP
19:55:08.137 MESSAGE chartdbs.cpp:2220    Adding chart file: ..\..\..\Charts\RNC\US_REGION14\18655\18655_1.KAP
19:55:08.164 MESSAGE chartdbs.cpp:2526 Loading chart data for ..\..\..\Charts\RNC\US_REGION14\18655\18655_2.KAP
19:55:08.168 MESSAGE chartdbs.cpp:2220    Adding chart file: ..\..\..\Charts\RNC\US_REGION14\18655\18655_2.KAP
19:55:08.168 MESSAGE chartdbs.cpp:2526 Loading chart data for ..\..\..\Charts\RNC\US_REGION14\18656\18656_1.KAP
19:55:08.176 MESSAGE chartdbs.cpp:2220    Adding chart file: ..\..\..\Charts\RNC\US_REGION14\18656\18656_1.KAP
19:55:08.188 MESSAGE chartdbs.cpp:2526 Loading chart data for ..\..\..\Charts\RNC\US_REGION14\18658\18658_1.KAP
19:55:08.204 MESSAGE chartdbs.cpp:2220    Adding chart file: ..\..\..\Charts\RNC\US_REGION14\18658\18658_1.KAP
19:55:08.204 MESSAGE chartdbs.cpp:2526 Loading chart data for ..\..\..\Charts\RNC\US_REGION14\18661\18661_1.KAP
19:55:08.213 MESSAGE chartdbs.cpp:2220    Adding chart file: ..\..\..\Charts\RNC\US_REGION14\18661\18661_1.KAP
19:55:08.320 MESSAGE chartdbs.cpp:2526 Loading chart data for ..\..\..\Charts\RNC\US_REGION14\18661\18661_2.KAP
19:55:08.324 MESSAGE chartdbs.cpp:2220    Adding chart file: ..\..\..\Charts\RNC\US_REGION14\18661\18661_2.KAP
19:55:08.324 MESSAGE chartdbs.cpp:2526 Loading chart data for ..\..\..\Charts\RNC\US_REGION14\18661\18661_3.KAP
19:55:08.327 MESSAGE chartdbs.cpp:2220    Adding chart file: ..\..\..\Charts\RNC\US_REGION14\18661\18661_3.KAP
19:55:08.366 MESSAGE chartdbs.cpp:2526 Loading chart data for ..\..\..\Charts\RNC\US_REGION14\18662\18662_1.KAP
19:55:08.373 MESSAGE chartdbs.cpp:2220    Adding chart file: ..\..\..\Charts\RNC\US_REGION14\18662\18662_1.KAP
19:55:08.373 MESSAGE chartdbs.cpp:2526 Loading chart data for ..\..\..\Charts\RNC\US_REGION14\18662\18662_2.KAP
19:55:08.376 MESSAGE chartdbs.cpp:2220    Adding chart file: ..\..\..\Charts\RNC\US_REGION14\18662\18662_2.KAP
19:55:08.388 MESSAGE chartdbs.cpp:2526 Loading chart data for ..\..\..\Charts\RNC\US_REGION14\18663\18663_1.KAP
19:55:08.404 MESSAGE chartdbs.cpp:2220    Adding chart file: ..\..\..\Charts\RNC\US_REGION14\18663\18663_1.KAP
19:55:08.404 MESSAGE chartdbs.cpp:2526 Loading chart data for ..\..\..\Charts\RNC\US_REGION14\18664\18664_1.KAP
19:55:08.413 MESSAGE chartdbs.cpp:2220    Adding chart file: ..\..\..\Charts\RNC\US_REGION14\18664\18664_1.KAP
19:55:08.436 MESSAGE chartdbs.cpp:2526 Loading chart data for ..\..\..\Charts\RNC\US_REGION14\18664\18664_2.KAP
19:55:08.436 MESSAGE chartdbs.cpp:2220    Adding chart file: ..\..\..\Charts\RNC\US_REGION14\18664\18664_2.KAP
19:55:08.436 MESSAGE chartdbs.cpp:2526 Loading chart data for ..\..\..\Charts\RNC\US_REGION14\18680\18680_1.KAP
19:55:08.451 MESSAGE chartdbs.cpp:2220    Adding chart file: ..\..\..\Charts\RNC\US_REGION14\18680\18680_1.KAP
19:55:08.483 MESSAGE chartdbs.cpp:2526 Loading chart data for ..\..\..\Charts\RNC\US_REGION14\501\501_1.KAP
19:55:08.498 MESSAGE chartdbs.cpp:2220    Adding chart file: ..\..\..\Charts\RNC\US_REGION14\501\501_1.KAP
19:55:08.498 MESSAGE chartdbs.cpp:2526 Loading chart data for ..\..\..\Charts\RNC\US_REGION14\530\530_1.KAP
19:55:08.514 MESSAGE chartdbs.cpp:2220    Adding chart file: ..\..\..\Charts\RNC\US_REGION14\530\530_1.KAP
19:55:08.514 MESSAGE chartdbs.cpp:1970 Searching directory: ..\..\..\Charts for *.geo
19:55:08.514 MESSAGE chartdbs.cpp:1795 check_cm93 opened dir OK:  ..\..\..\Charts
19:55:08.815 MESSAGE chartdbs.cpp:1970 Searching directory: ..\..\..\Charts for *.000
19:55:08.815 MESSAGE chartdbs.cpp:1795 check_cm93 opened dir OK:  ..\..\..\Charts
19:55:09.174 MESSAGE chartdbs.cpp:2526 Loading chart data for ..\..\..\Charts\ENC\US_REGION14\US1WC01M\US1WC01M.000
19:55:09.197 MESSAGE chartsymbols.cpp:708 ChartSymbols loaded from .\s57data\chartsymbols.xml
19:55:09.255 MESSAGE ocpn_frame.cpp:8534 Using s57data in .\s57data
19:55:09.403 MESSAGE chartdbs.cpp:2220    Adding chart file: ..\..\..\Charts\ENC\US_REGION14\US1WC01M\US1WC01M.000
19:55:09.403 MESSAGE chartdbs.cpp:2526 Loading chart data for ..\..\..\Charts\ENC\US_REGION14\US1WC07M\US1WC07M.000
19:55:09.423 MESSAGE chartdbs.cpp:2220    Adding chart file: ..\..\..\Charts\ENC\US_REGION14\US1WC07M\US1WC07M.000
19:55:09.464 MESSAGE chartdbs.cpp:2526 Loading chart data for ..\..\..\Charts\ENC\US_REGION14\US2WC03M\US2WC03M.000
19:55:09.488 MESSAGE chartdbs.cpp:2220    Adding chart file: ..\..\..\Charts\ENC\US_REGION14\US2WC03M\US2WC03M.000
19:55:09.488 MESSAGE chartdbs.cpp:2526 Loading chart data for ..\..\..\Charts\ENC\US_REGION14\US2WC05M\US2WC05M.000
19:55:09.519 MESSAGE chartdbs.cpp:2220    Adding chart file: ..\..\..\Charts\ENC\US_REGION14\US2WC05M\US2WC05M.000
19:55:09.551 MESSAGE chartdbs.cpp:2526 Loading chart data for ..\..\..\Charts\ENC\US_REGION14\US2WC06M\US2WC06M.000
19:55:09.566 MESSAGE chartdbs.cpp:2220    Adding chart file: ..\..\..\Charts\ENC\US_REGION14\US2WC06M\US2WC06M.000
19:55:09.566 MESSAGE chartdbs.cpp:2526 Loading chart data for ..\..\..\Charts\ENC\US_REGION14\US2WC11M\US2WC11M.000
19:55:09.588 MESSAGE chartdbs.cpp:2220    Adding chart file: ..\..\..\Charts\ENC\US_REGION14\US2WC11M\US2WC11M.000
19:55:09.642 MESSAGE chartdbs.cpp:2526 Loading chart data for ..\..\..\Charts\ENC\US_REGION14\US2WC12M\US2WC12M.000
19:55:09.657 MESSAGE chartdbs.cpp:2220    Adding chart file: ..\..\..\Charts\ENC\US_REGION14\US2WC12M\US2WC12M.000
19:55:09.657 MESSAGE chartdbs.cpp:2526 Loading chart data for ..\..\..\Charts\ENC\US_REGION14\US3CA14M\US3CA14M.000
19:55:09.705 MESSAGE chartdbs.cpp:2220    Adding chart file: ..\..\..\Charts\ENC\US_REGION14\US3CA14M\US3CA14M.000
19:55:09.736 MESSAGE chartdbs.cpp:2526 Loading chart data for ..\..\..\Charts\ENC\US_REGION14\US3CA15M\US3CA15M.000
19:55:09.783 MESSAGE chartdbs.cpp:2220    Adding chart file: ..\..\..\Charts\ENC\US_REGION14\US3CA15M\US3CA15M.000
19:55:09.783 MESSAGE chartdbs.cpp:2526 Loading chart data for ..\..\..\Charts\ENC\US_REGION14\US3CA52M\US3CA52M.000
19:55:09.835 MESSAGE chartdbs.cpp:2220    Adding chart file: ..\..\..\Charts\ENC\US_REGION14\US3CA52M\US3CA52M.000
19:55:09.874 MESSAGE chartdbs.cpp:2526 Loading chart data for ..\..\..\Charts\ENC\US_REGION14\US3OR01M\US3OR01M.000
19:55:09.919 MESSAGE chartdbs.cpp:2220    Adding chart file: ..\..\..\Charts\ENC\US_REGION14\US3OR01M\US3OR01M.000
19:55:09.919 MESSAGE chartdbs.cpp:2526 Loading chart data for ..\..\..\Charts\ENC\US_REGION14\US3OR02M\US3OR02M.000
19:55:09.953 MESSAGE chartdbs.cpp:2220    Adding chart file: ..\..\..\Charts\ENC\US_REGION14\US3OR02M\US3OR02M.000
19:55:09.984 MESSAGE chartdbs.cpp:2526 Loading chart data for ..\..\..\Charts\ENC\US_REGION14\US3OR03M\US3OR03M.000
19:55:10.040 MESSAGE chartdbs.cpp:2220    Adding chart file: ..\..\..\Charts\ENC\US_REGION14\US3OR03M\US3OR03M.000
19:55:10.040 MESSAGE chartdbs.cpp:2526 Loading chart data for ..\..\..\Charts\ENC\US_REGION14\US3WA01M\US3WA01M.000
19:55:10.090 MESSAGE chartdbs.cpp:2220    Adding chart file: ..\..\..\Charts\ENC\US_REGION14\US3WA01M\US3WA01M.000
19:55:10.154 MESSAGE chartdbs.cpp:2526 Loading chart data for ..\..\..\Charts\ENC\US_REGION14\US3WA03M\US3WA03M.000
19:55:10.186 MESSAGE chartdbs.cpp:2220    Adding chart file: ..\..\..\Charts\ENC\US_REGION14\US3WA03M\US3WA03M.000
19:55:10.186 MESSAGE chartdbs.cpp:2526 Loading chart data for ..\..\..\Charts\ENC\US_REGION14\US4CA11M\US4CA11M.000
19:55:10.233 MESSAGE chartdbs.cpp:2220    Adding chart file: ..\..\..\Charts\ENC\US_REGION14\US4CA11M\US4CA11M.000
19:55:10.382 MESSAGE chartdbs.cpp:2526 Loading chart data for ..\..\..\Charts\ENC\US_REGION14\US4CA46M\US4CA46M.000
19:55:10.389 MESSAGE chartdbs.cpp:2220    Adding chart file: ..\..\..\Charts\ENC\US_REGION14\US4CA46M\US4CA46M.000
19:55:10.404 MESSAGE chartdbs.cpp:2526 Loading chart data for ..\..\..\Charts\ENC\US_REGION14\US4WA36M\US4WA36M.000
19:55:10.461 MESSAGE chartdbs.cpp:2220    Adding chart file: ..\..\..\Charts\ENC\US_REGION14\US4WA36M\US4WA36M.000
19:55:10.524 MESSAGE chartdbs.cpp:2526 Loading chart data for ..\..\..\Charts\ENC\US_REGION14\US5CA11M\US5CA11M.000
19:55:10.541 MESSAGE chartdbs.cpp:2220    Adding chart file: ..\..\..\Charts\ENC\US_REGION14\US5CA11M\US5CA11M.000
19:55:10.541 MESSAGE chartdbs.cpp:2526 Loading chart data for ..\..\..\Charts\ENC\US_REGION14\US5CA12M\US5CA12M.000
19:55:10.562 MESSAGE chartdbs.cpp:2220    Adding chart file: ..\..\..\Charts\ENC\US_REGION14\US5CA12M\US5CA12M.000
19:55:10.587 MESSAGE chartdbs.cpp:2526 Loading chart data for ..\..\..\Charts\ENC\US_REGION14\US5CA13M\US5CA13M.000
19:55:10.700 MESSAGE chartdbs.cpp:2220    Adding chart file: ..\..\..\Charts\ENC\US_REGION14\US5CA13M\US5CA13M.000
19:55:10.700 MESSAGE chartdbs.cpp:2526 Loading chart data for ..\..\..\Charts\ENC\US_REGION14\US5CA15M\US5CA15M.000
19:55:10.718 MESSAGE chartdbs.cpp:2220    Adding chart file: ..\..\..\Charts\ENC\US_REGION14\US5CA15M\US5CA15M.000
19:55:10.763 MESSAGE chartdbs.cpp:2526 Loading chart data for ..\..\..\Charts\ENC\US_REGION14\US5CA16M\US5CA16M.000
19:55:10.835 MESSAGE chartdbs.cpp:2220    Adding chart file: ..\..\..\Charts\ENC\US_REGION14\US5CA16M\US5CA16M.000
19:55:10.835 MESSAGE chartdbs.cpp:2526 Loading chart data for ..\..\..\Charts\ENC\US_REGION14\US5CA21M\US5CA21M.000
19:55:10.935 MESSAGE chartdbs.cpp:2220    Adding chart file: ..\..\..\Charts\ENC\US_REGION14\US5CA21M\US5CA21M.000
19:55:10.979 MESSAGE chartdbs.cpp:2526 Loading chart data for ..\..\..\Charts\ENC\US_REGION14\US5CA31M\US5CA31M.000
19:55:11.021 MESSAGE chartdbs.cpp:2220    Adding chart file: ..\..\..\Charts\ENC\US_REGION14\US5CA31M\US5CA31M.000
19:55:11.021 MESSAGE chartdbs.cpp:2526 Loading chart data for ..\..\..\Charts\ENC\US_REGION14\US5CA32M\US5CA32M.000
19:55:11.068 MESSAGE chartdbs.cpp:2220    Adding chart file: ..\..\..\Charts\ENC\US_REGION14\US5CA32M\US5CA32M.000
19:55:11.117 MESSAGE chartdbs.cpp:2526 Loading chart data for ..\..\..\Charts\ENC\US_REGION14\US5CA41M\US5CA41M.000
19:55:11.158 MESSAGE chartdbs.cpp:2220    Adding chart file: ..\..\..\Charts\ENC\US_REGION14\US5CA41M\US5CA41M.000
19:55:11.158 MESSAGE chartdbs.cpp:2526 Loading chart data for ..\..\..\Charts\ENC\US_REGION14\US5CA42M\US5CA42M.000
19:55:11.202 MESSAGE chartdbs.cpp:2220    Adding chart file: ..\..\..\Charts\ENC\US_REGION14\US5CA42M\US5CA42M.000
19:55:11.252 MESSAGE chartdbs.cpp:2526 Loading chart data for ..\..\..\Charts\ENC\US_REGION14\US5CA43M\US5CA43M.000
19:55:11.283 MESSAGE chartdbs.cpp:2220    Adding chart file: ..\..\..\Charts\ENC\US_REGION14\US5CA43M\US5CA43M.000
19:55:11.283 MESSAGE chartdbs.cpp:2526 Loading chart data for ..\..\..\Charts\ENC\US_REGION14\US5CA44M\US5CA44M.000
19:55:11.356 MESSAGE chartdbs.cpp:2220    Adding chart file: ..\..\..\Charts\ENC\US_REGION14\US5CA44M\US5CA44M.000
19:55:11.400 MESSAGE chartdbs.cpp:2526 Loading chart data for ..\..\..\Charts\ENC\US_REGION14\US5CA45M\US5CA45M.000
19:55:11.453 MESSAGE chartdbs.cpp:2220    Adding chart file: ..\..\..\Charts\ENC\US_REGION14\US5CA45M\US5CA45M.000
19:55:11.453 MESSAGE chartdbs.cpp:2526 Loading chart data for ..\..\..\Charts\ENC\US_REGION14\US5CA46M\US5CA46M.000
19:55:11.500 MESSAGE chartdbs.cpp:2220    Adding chart file: ..\..\..\Charts\ENC\US_REGION14\US5CA46M\US5CA46M.000
19:55:11.579 MESSAGE chartdbs.cpp:2526 Loading chart data for ..\..\..\Charts\ENC\US_REGION14\US5CA47M\US5CA47M.000
19:55:11.610 MESSAGE chartdbs.cpp:2220    Adding chart file: ..\..\..\Charts\ENC\US_REGION14\US5CA47M\US5CA47M.000
19:55:11.610 MESSAGE chartdbs.cpp:2526 Loading chart data for ..\..\..\Charts\ENC\US_REGION14\US5CA48M\US5CA48M.000
19:55:11.639 MESSAGE chartdbs.cpp:2220    Adding chart file: ..\..\..\Charts\ENC\US_REGION14\US5CA48M\US5CA48M.000
19:55:11.685 MESSAGE chartdbs.cpp:2526 Loading chart data for ..\..\..\Charts\ENC\US_REGION14\US5CA49M\US5CA49M.000
19:55:11.718 MESSAGE chartdbs.cpp:2220    Adding chart file: ..\..\..\Charts\ENC\US_REGION14\US5CA49M\US5CA49M.000
19:55:11.718 MESSAGE chartdbs.cpp:2526 Loading chart data for ..\..\..\Charts\ENC\US_REGION14\US5CA53M\US5CA53M.000
19:55:11.733 MESSAGE chartdbs.cpp:2220    Adding chart file: ..\..\..\Charts\ENC\US_REGION14\US5CA53M\US5CA53M.000
19:55:11.808 MESSAGE chartdbs.cpp:2526 Loading chart data for ..\..\..\Charts\ENC\US_REGION14\US5CA90M\US5CA90M.000
19:55:11.845 MESSAGE chartdbs.cpp:2220    Adding chart file: ..\..\..\Charts\ENC\US_REGION14\US5CA90M\US5CA90M.000
19:55:11.845 MESSAGE chartdbs.cpp:2526 Loading chart data for ..\..\..\Charts\ENC\US_REGION14\US5CA91M\US5CA91M.000
19:55:11.869 MESSAGE chartdbs.cpp:2220    Adding chart file: ..\..\..\Charts\ENC\US_REGION14\US5CA91M\US5CA91M.000
19:55:11.904 MESSAGE chartdbs.cpp:2526 Loading chart data for ..\..\..\Charts\ENC\US_REGION14\US5CA92M\US5CA92M.000
19:55:11.975 MESSAGE chartdbs.cpp:2220    Adding chart file: ..\..\..\Charts\ENC\US_REGION14\US5CA92M\US5CA92M.000
19:55:11.975 MESSAGE chartdbs.cpp:2526 Loading chart data for ..\..\..\Charts\ENC\US_REGION14\US5CA93M\US5CA93M.000
19:55:12.023 MESSAGE chartdbs.cpp:2220    Adding chart file: ..\..\..\Charts\ENC\US_REGION14\US5CA93M\US5CA93M.000
19:55:12.072 MESSAGE chartdbs.cpp:2526 Loading chart data for ..\..\..\Charts\ENC\US_REGION14\US5CA94M\US5CA94M.000
19:55:12.119 MESSAGE chartdbs.cpp:2220    Adding chart file: ..\..\..\Charts\ENC\US_REGION14\US5CA94M\US5CA94M.000
19:55:12.119 MESSAGE chartdbs.cpp:2526 Loading chart data for ..\..\..\Charts\ENC\US_REGION14\US5CA95M\US5CA95M.000
19:55:12.150 MESSAGE chartdbs.cpp:2220    Adding chart file: ..\..\..\Charts\ENC\US_REGION14\US5CA95M\US5CA95M.000
19:55:12.259 MESSAGE chartdbs.cpp:2526 Loading chart data for ..\..\..\Charts\ENC\US_REGION14\US5CA96M\US5CA96M.000
19:55:12.305 MESSAGE chartdbs.cpp:2220    Adding chart file: ..\..\..\Charts\ENC\US_REGION14\US5CA96M\US5CA96M.000
19:55:12.305 MESSAGE chartdbs.cpp:2526 Loading chart data for ..\..\..\Charts\ENC\US_REGION14\US5CA97M\US5CA97M.000
19:55:12.321 MESSAGE chartdbs.cpp:2220    Adding chart file: ..\..\..\Charts\ENC\US_REGION14\US5CA97M\US5CA97M.000
19:55:12.368 MESSAGE chartdbs.cpp:2526 Loading chart data for ..\..\..\Charts\ENC\US_REGION14\US5CA98M\US5CA98M.000
19:55:12.426 MESSAGE chartdbs.cpp:2220    Adding chart file: ..\..\..\Charts\ENC\US_REGION14\US5CA98M\US5CA98M.000
19:55:12.426 MESSAGE chartdbs.cpp:2526 Loading chart data for ..\..\..\Charts\ENC\US_REGION14\US5CA9AM\US5CA9AM.000
19:55:12.450 MESSAGE chartdbs.cpp:2220    Adding chart file: ..\..\..\Charts\ENC\US_REGION14\US5CA9AM\US5CA9AM.000
19:55:12.505 MESSAGE chartdbs.cpp:2526 Loading chart data for ..\..\..\Charts\ENC\US_REGION14\US5CA9BM\US5CA9BM.000
19:55:12.521 MESSAGE chartdbs.cpp:2220    Adding chart file: ..\..\..\Charts\ENC\US_REGION14\US5CA9BM\US5CA9BM.000
19:55:12.521 MESSAGE chartdbs.cpp:2526 Loading chart data for ..\..\..\Charts\ENC\US_REGION14\US5OR01M\US5OR01M.000
19:55:12.521 MESSAGE chartdbs.cpp:2220    Adding chart file: ..\..\..\Charts\ENC\US_REGION14\US5OR01M\US5OR01M.000
19:55:12.584 MESSAGE chartdbs.cpp:2526 Loading chart data for ..\..\..\Charts\ENC\US_REGION14\US5OR11M\US5OR11M.000
19:55:12.673 MESSAGE chartdbs.cpp:2220    Adding chart file: ..\..\..\Charts\ENC\US_REGION14\US5OR11M\US5OR11M.000
19:55:12.673 MESSAGE chartdbs.cpp:2526 Loading chart data for ..\..\..\Charts\ENC\US_REGION14\US5OR12M\US5OR12M.000
19:55:12.738 MESSAGE chartdbs.cpp:2220    Adding chart file: ..\..\..\Charts\ENC\US_REGION14\US5OR12M\US5OR12M.000
19:55:12.785 MESSAGE chartdbs.cpp:2526 Loading chart data for ..\..\..\Charts\ENC\US_REGION14\US5OR13M\US5OR13M.000
19:55:12.849 MESSAGE chartdbs.cpp:2220    Adding chart file: ..\..\..\Charts\ENC\US_REGION14\US5OR13M\US5OR13M.000
19:55:12.849 MESSAGE chartdbs.cpp:2526 Loading chart data for ..\..\..\Charts\ENC\US_REGION14\US5OR14M\US5OR14M.000
19:55:12.882 MESSAGE chartdbs.cpp:2220    Adding chart file: ..\..\..\Charts\ENC\US_REGION14\US5OR14M\US5OR14M.000
19:55:12.957 MESSAGE chartdbs.cpp:2526 Loading chart data for ..\..\..\Charts\ENC\US_REGION14\US5OR15M\US5OR15M.000
19:55:13.035 MESSAGE chartdbs.cpp:2220    Adding chart file: ..\..\..\Charts\ENC\US_REGION14\US5OR15M\US5OR15M.000
19:55:13.035 MESSAGE chartdbs.cpp:2526 Loading chart data for ..\..\..\Charts\ENC\US_REGION14\US5OR16M\US5OR16M.000
19:55:13.072 MESSAGE chartdbs.cpp:2220    Adding chart file: ..\..\..\Charts\ENC\US_REGION14\US5OR16M\US5OR16M.000
19:55:13.172 MESSAGE chartdbs.cpp:2526 Loading chart data for ..\..\..\Charts\ENC\US_REGION14\US5OR17M\US5OR17M.000
19:55:13.220 MESSAGE chartdbs.cpp:2220    Adding chart file: ..\..\..\Charts\ENC\US_REGION14\US5OR17M\US5OR17M.000
19:55:13.220 MESSAGE chartdbs.cpp:2526 Loading chart data for ..\..\..\Charts\ENC\US_REGION14\US5OR18M\US5OR18M.000
19:55:13.238 MESSAGE chartdbs.cpp:2220    Adding chart file: ..\..\..\Charts\ENC\US_REGION14\US5OR18M\US5OR18M.000
19:55:13.401 MESSAGE chartdbs.cpp:2526 Loading chart data for ..\..\..\Charts\ENC\US_REGION14\US5OR19M\US5OR19M.000
19:55:13.453 MESSAGE chartdbs.cpp:2220    Adding chart file: ..\..\..\Charts\ENC\US_REGION14\US5OR19M\US5OR19M.000
19:55:13.453 MESSAGE chartdbs.cpp:2526 Loading chart data for ..\..\..\Charts\ENC\US_REGION14\US5OR20M\US5OR20M.000
19:55:13.468 MESSAGE chartdbs.cpp:2220    Adding chart file: ..\..\..\Charts\ENC\US_REGION14\US5OR20M\US5OR20M.000
19:55:13.575 MESSAGE chartdbs.cpp:2526 Loading chart data for ..\..\..\Charts\ENC\US_REGION14\US5OR21M\US5OR21M.000
19:55:13.599 MESSAGE chartdbs.cpp:2220    Adding chart file: ..\..\..\Charts\ENC\US_REGION14\US5OR21M\US5OR21M.000
19:55:13.599 MESSAGE chartdbs.cpp:2526 Loading chart data for ..\..\..\Charts\ENC\US_REGION14\US5OR22M\US5OR22M.000
19:55:13.615 MESSAGE chartdbs.cpp:2220    Adding chart file: ..\..\..\Charts\ENC\US_REGION14\US5OR22M\US5OR22M.000
19:55:13.654 MESSAGE chartdbs.cpp:2526 Loading chart data for ..\..\..\Charts\ENC\US_REGION14\US5OR23M\US5OR23M.000
19:55:13.685 MESSAGE chartdbs.cpp:2220    Adding chart file: ..\..\..\Charts\ENC\US_REGION14\US5OR23M\US5OR23M.000
19:55:13.685 MESSAGE chartdbs.cpp:2526 Loading chart data for ..\..\..\Charts\ENC\US_REGION14\US5OR24M\US5OR24M.000
19:55:13.710 MESSAGE chartdbs.cpp:2220    Adding chart file: ..\..\..\Charts\ENC\US_REGION14\US5OR24M\US5OR24M.000
19:55:13.795 MESSAGE chartdbs.cpp:2526 Loading chart data for ..\..\..\Charts\ENC\US_REGION14\US5OR25M\US5OR25M.000
19:55:13.810 MESSAGE chartdbs.cpp:2220    Adding chart file: ..\..\..\Charts\ENC\US_REGION14\US5OR25M\US5OR25M.000
19:55:13.810 MESSAGE chartdbs.cpp:2526 Loading chart data for ..\..\..\Charts\ENC\US_REGION14\US5OR26M\US5OR26M.000
19:55:13.822 MESSAGE chartdbs.cpp:2220    Adding chart file: ..\..\..\Charts\ENC\US_REGION14\US5OR26M\US5OR26M.000
19:55:13.869 MESSAGE chartdbs.cpp:2526 Loading chart data for ..\..\..\Charts\ENC\US_REGION14\US5OR30M\US5OR30M.000
19:55:13.916 MESSAGE chartdbs.cpp:2220    Adding chart file: ..\..\..\Charts\ENC\US_REGION14\US5OR30M\US5OR30M.000
19:55:13.916 MESSAGE chartdbs.cpp:2526 Loading chart data for ..\..\..\Charts\ENC\US_REGION14\US5OR32M\US5OR32M.000
19:55:13.926 MESSAGE chartdbs.cpp:2220    Adding chart file: ..\..\..\Charts\ENC\US_REGION14\US5OR32M\US5OR32M.000
19:55:14.018 MESSAGE chartdbs.cpp:2526 Loading chart data for ..\..\..\Charts\ENC\US_REGION14\US5OR33M\US5OR33M.000
19:55:14.054 MESSAGE chartdbs.cpp:2220    Adding chart file: ..\..\..\Charts\ENC\US_REGION14\US5OR33M\US5OR33M.000
19:55:14.054 MESSAGE chartdbs.cpp:2526 Loading chart data for ..\..\..\Charts\ENC\US_REGION14\US5OR34M\US5OR34M.000
19:55:14.070 MESSAGE chartdbs.cpp:2220    Adding chart file: ..\..\..\Charts\ENC\US_REGION14\US5OR34M\US5OR34M.000
19:55:14.133 MESSAGE chartdbs.cpp:2526 Loading chart data for ..\..\..\Charts\ENC\US_REGION14\US5OR35M\US5OR35M.000
19:55:14.160 MESSAGE chartdbs.cpp:2220    Adding chart file: ..\..\..\Charts\ENC\US_REGION14\US5OR35M\US5OR35M.000
19:55:14.160 MESSAGE chartdbs.cpp:2526 Loading chart data for ..\..\..\Charts\ENC\US_REGION14\US5OR36M\US5OR36M.000
19:55:14.186 MESSAGE chartdbs.cpp:2220    Adding chart file: ..\..\..\Charts\ENC\US_REGION14\US5OR36M\US5OR36M.000
19:55:14.239 MESSAGE chartdbs.cpp:2526 Loading chart data for ..\..\..\Charts\ENC\US_REGION14\US5OR37M\US5OR37M.000
19:55:14.270 MESSAGE chartdbs.cpp:2220    Adding chart file: ..\..\..\Charts\ENC\US_REGION14\US5OR37M\US5OR37M.000
19:55:14.270 MESSAGE chartdbs.cpp:2526 Loading chart data for ..\..\..\Charts\ENC\US_REGION14\US5OR38M\US5OR38M.000
19:55:14.302 MESSAGE chartdbs.cpp:2220    Adding chart file: ..\..\..\Charts\ENC\US_REGION14\US5OR38M\US5OR38M.000
19:55:14.385 MESSAGE chartdbs.cpp:2526 Loading chart data for ..\..\..\Charts\ENC\US_REGION14\US5OR39M\US5OR39M.000
19:55:14.406 MESSAGE chartdbs.cpp:2220    Adding chart file: ..\..\..\Charts\ENC\US_REGION14\US5OR39M\US5OR39M.000
19:55:14.406 MESSAGE chartdbs.cpp:2526 Loading chart data for ..\..\..\Charts\ENC\US_REGION14\US5OR41M\US5OR41M.000
19:55:14.431 MESSAGE chartdbs.cpp:2220    Adding chart file: ..\..\..\Charts\ENC\US_REGION14\US5OR41M\US5OR41M.000
19:55:14.487 MESSAGE chartdbs.cpp:2526 Loading chart data for ..\..\..\Charts\ENC\US_REGION14\US5OR42M\US5OR42M.000
19:55:14.523 MESSAGE chartdbs.cpp:2220    Adding chart file: ..\..\..\Charts\ENC\US_REGION14\US5OR42M\US5OR42M.000
19:55:14.523 MESSAGE chartdbs.cpp:2526 Loading chart data for ..\..\..\Charts\ENC\US_REGION14\US5OR43M\US5OR43M.000
19:55:14.550 MESSAGE chartdbs.cpp:2220    Adding chart file: ..\..\..\Charts\ENC\US_REGION14\US5OR43M\US5OR43M.000
19:55:14.641 MESSAGE chartdbs.cpp:2526 Loading chart data for ..\..\..\Charts\ENC\US_REGION14\US5OR44M\US5OR44M.000
19:55:14.695 MESSAGE chartdbs.cpp:2220    Adding chart file: ..\..\..\Charts\ENC\US_REGION14\US5OR44M\US5OR44M.000
19:55:14.695 MESSAGE chartdbs.cpp:2526 Loading chart data for ..\..\..\Charts\ENC\US_REGION14\US5OR45M\US5OR45M.000
19:55:14.706 MESSAGE chartdbs.cpp:2220    Adding chart file: ..\..\..\Charts\ENC\US_REGION14\US5OR45M\US5OR45M.000
19:55:14.769 MESSAGE chartdbs.cpp:2526 Loading chart data for ..\..\..\Charts\ENC\US_REGION14\US5OR46M\US5OR46M.000
19:55:14.815 MESSAGE chartdbs.cpp:2220    Adding chart file: ..\..\..\Charts\ENC\US_REGION14\US5OR46M\US5OR46M.000
19:55:14.815 MESSAGE chartdbs.cpp:2526 Loading chart data for ..\..\..\Charts\ENC\US_REGION14\US5OR47M\US5OR47M.000
19:55:14.872 MESSAGE chartdbs.cpp:2220    Adding chart file: ..\..\..\Charts\ENC\US_REGION14\US5OR47M\US5OR47M.000
19:55:14.924 MESSAGE chartdbs.cpp:2526 Loading chart data for ..\..\..\Charts\ENC\US_REGION14\US5OR48M\US5OR48M.000
19:55:14.952 MESSAGE chartdbs.cpp:2220    Adding chart file: ..\..\..\Charts\ENC\US_REGION14\US5OR48M\US5OR48M.000
19:55:14.952 MESSAGE chartdbs.cpp:2526 Loading chart data for ..\..\..\Charts\ENC\US_REGION14\US5OR49M\US5OR49M.000
19:55:14.968 MESSAGE chartdbs.cpp:2220    Adding chart file: ..\..\..\Charts\ENC\US_REGION14\US5OR49M\US5OR49M.000
19:55:15.074 MESSAGE chartdbs.cpp:2526 Loading chart data for ..\..\..\Charts\ENC\US_REGION14\US5OR50M\US5OR50M.000
19:55:15.111 MESSAGE chartdbs.cpp:2220    Adding chart file: ..\..\..\Charts\ENC\US_REGION14\US5OR50M\US5OR50M.000
19:55:15.111 MESSAGE chartdbs.cpp:2526 Loading chart data for ..\..\..\Charts\ENC\US_REGION14\US5OR51M\US5OR51M.000
19:55:15.168 MESSAGE chartdbs.cpp:2220    Adding chart file: ..\..\..\Charts\ENC\US_REGION14\US5OR51M\US5OR51M.000
19:55:15.345 MESSAGE chartdbs.cpp:2526 Loading chart data for ..\..\..\Charts\ENC\US_REGION14\US5WA01M\US5WA01M.000
19:55:15.354 MESSAGE chartdbs.cpp:2220    Adding chart file: ..\..\..\Charts\ENC\US_REGION14\US5WA01M\US5WA01M.000
19:55:15.354 MESSAGE chartdbs.cpp:2526 Loading chart data for ..\..\..\Charts\ENC\US_REGION14\US5WA04M\US5WA04M.000
19:55:15.386 MESSAGE chartdbs.cpp:2220    Adding chart file: ..\..\..\Charts\ENC\US_REGION14\US5WA04M\US5WA04M.000
19:55:15.470 MESSAGE chartdbs.cpp:2526 Loading chart data for ..\..\..\Charts\ENC\US_REGION14\US5WA20M\US5WA20M.000
19:55:15.489 MESSAGE chartdbs.cpp:2220    Adding chart file: ..\..\..\Charts\ENC\US_REGION14\US5WA20M\US5WA20M.000
19:55:15.489 MESSAGE chartdbs.cpp:2526 Loading chart data for ..\..\..\Charts\ENC\US_REGION14\US5WA50M\US5WA50M.000
19:55:15.508 MESSAGE chartdbs.cpp:2220    Adding chart file: ..\..\..\Charts\ENC\US_REGION14\US5WA50M\US5WA50M.000
19:55:15.571 MESSAGE chartdbs.cpp:2526 Loading chart data for ..\..\..\Charts\ENC\US_REGION14\US5WA60M\US5WA60M.000
19:55:15.635 MESSAGE chartdbs.cpp:2220    Adding chart file: ..\..\..\Charts\ENC\US_REGION14\US5WA60M\US5WA60M.000
19:55:15.635 MESSAGE chartdbs.cpp:2526 Loading chart data for ..\..\..\Charts\ENC\US_REGION14\US5WA70M\US5WA70M.000
19:55:15.702 MESSAGE chartdbs.cpp:2220    Adding chart file: ..\..\..\Charts\ENC\US_REGION14\US5WA70M\US5WA70M.000
19:55:15.702 MESSAGE chartdbs.cpp:1970 Searching directory: ..\..\..\Charts for *.s57
19:55:15.703 MESSAGE chartdbs.cpp:1795 check_cm93 opened dir OK:  ..\..\..\Charts
19:55:16.008 MESSAGE chartdbs.cpp:1970 Searching directory: ..\..\..\Charts for 00300000.a
19:55:16.008 MESSAGE chartdbs.cpp:1795 check_cm93 opened dir OK:  ..\..\..\Charts
19:55:16.302 MESSAGE chartdbs.cpp:1970 Searching directory: ..\..\..\Charts for *.mbtiles
19:55:16.305 MESSAGE chartdbs.cpp:1795 check_cm93 opened dir OK:  ..\..\..\Charts
19:55:16.612 MESSAGE ocpn_frame.cpp:4638 Finished chart database Update
19:55:16.612 MESSAGE ocpn_frame.cpp:4639    
19:55:16.653 MESSAGE chcanv.cpp:2398 Metrics:  m_display_size_mm: 508     g_Platform->getDisplaySize():  1920:1080   
19:55:16.653 MESSAGE chcanv.cpp:2403 wxDisplaySize(): 1920 1080
19:55:16.685 MESSAGE glChartCanvas.cpp:554 BuildFBO 3
19:55:16.685 MESSAGE glChartCanvas.cpp:1009 OpenGL-> Framebuffer OK, size = 1326
19:55:16.700 MESSAGE glChartCanvas.cpp:554 BuildFBO 3
19:55:16.700 MESSAGE glChartCanvas.cpp:1009 OpenGL-> Framebuffer OK, size = 1326
19:55:16.714 MESSAGE glChartCanvas.cpp:554 BuildFBO 3
19:55:16.722 MESSAGE glChartCanvas.cpp:1009 OpenGL-> Framebuffer OK, size = 1326
19:55:16.735 MESSAGE glChartCanvas.cpp:554 BuildFBO 3
19:55:16.737 MESSAGE glChartCanvas.cpp:1009 OpenGL-> Framebuffer OK, size = 1326
19:55:16.797 MESSAGE gshhs.cpp:1322 Loading World Chart Q=0 in 0 ms.
19:55:16.797 MESSAGE gshhs.cpp:173 Background world map loaded from GSHHS datafiles found in: C:\storage\transmitterdan\OpenCPN\build\Release\gshhs\
19:55:59.565 MESSAGE comm_drv_factory.cpp:52 MakeCommDriver: TCP:192.168.1.14:2947
19:55:59.569 MESSAGE comm_drv_n0183_net.cpp:288 Opening TCP Server 0
19:55:59.790 MESSAGE waypointman_gui.cpp:58 DPMM: 3.77953   ScaleFactorExp: 1
19:55:59.790 MESSAGE waypointman_gui.cpp:65 Looking for UserIcons at C:\storage\transmitterdan\OpenCPN\build\Release\UserIcons/
19:55:59.790 MESSAGE waypointman_gui.cpp:68 Loading UserIcons from C:\storage\transmitterdan\OpenCPN\build\Release\UserIcons/
19:55:59.806 MESSAGE chcanv.cpp:2398 Metrics:  m_display_size_mm: 508     g_Platform->getDisplaySize():  1920:1080   
19:55:59.806 MESSAGE chcanv.cpp:2403 wxDisplaySize(): 1920 1080
19:55:59.822 MESSAGE glChartCanvas.cpp:554 BuildFBO 3
19:55:59.822 MESSAGE glChartCanvas.cpp:1009 OpenGL-> Framebuffer OK, size = 1326
19:55:59.837 MESSAGE glChartCanvas.cpp:554 BuildFBO 3
19:55:59.837 MESSAGE glChartCanvas.cpp:1009 OpenGL-> Framebuffer OK, size = 1326
19:55:59.853 MESSAGE glChartCanvas.cpp:554 BuildFBO 3
19:55:59.853 MESSAGE glChartCanvas.cpp:1009 OpenGL-> Framebuffer OK, size = 1326
19:55:59.868 MESSAGE glChartCanvas.cpp:554 BuildFBO 3
19:55:59.868 MESSAGE glChartCanvas.cpp:1009 OpenGL-> Framebuffer OK, size = 1326
19:55:59.931 MESSAGE comm_drv_n0183_net.cpp:523 TCP NetworkDataStream connection established: TCP:192.168.1.14:2947
19:56:05.823 MESSAGE chartdb.cpp:1169 Creating new chart
19:56:05.823 MESSAGE chartdb.cpp:1286 Initializing Chart ..\..\..\Charts\RNC\US_REGION14\530\530_1.KAP
19:56:17.369 MESSAGE chartdb.cpp:1169 Creating new chart
19:56:17.369 MESSAGE chartdb.cpp:1286 Initializing Chart ..\..\..\Charts\RNC\US_REGION14\501\501_1.KAP
19:56:17.988 MESSAGE chartdb.cpp:1169 Creating new chart
19:56:17.988 MESSAGE chartdb.cpp:1286 Initializing Chart ..\..\..\Charts\RNC\US_REGION14\18020\18020_1.KAP
19:56:18.483 MESSAGE chartdb.cpp:1169 Creating new chart
19:56:18.483 MESSAGE chartdb.cpp:1286 Initializing Chart ..\..\..\Charts\RNC\US_REGION14\18010\18010_1.KAP
19:56:19.457 MESSAGE chartdb.cpp:1169 Creating new chart
19:56:19.457 MESSAGE chartdb.cpp:1286 Initializing Chart ..\..\..\Charts\RNC\US_REGION14\18640\18640_1.KAP
19:58:23.407 MESSAGE plugin_loader.cpp:245 PluginLoader: loading plugins from C:\storage\transmitterdan\OpenCPN\build\Release\plugins
19:58:23.408 MESSAGE plugin_loader.cpp:170 Using PATH: C:\storage\transmitterdan\OpenCPN\build\Release\plugins;C:\storage\transmitterdan\OpenCPN\build\Release\plugins;C:\Program Files\Microsoft Visual Studio\2022\Community\VC\Tools\MSVC\14.35.32215\bin\HostX86\x86;C:\Program Files\Microsoft Visual Studio\2022\Community\Common7\IDE\VC\VCPackages;C:\Program Files\Microsoft Visual Studio\2022\Community\Common7\IDE\CommonExtensions\Microsoft\TestWindow;C:\Program Files\Microsoft Visual Studio\2022\Community\Common7\IDE\CommonExtensions\Microsoft\TeamFoundation\Team Explorer;C:\Program Files\Microsoft Visual Studio\2022\Community\MSBuild\Current\bin\Roslyn;C:\Program Files\Microsoft Visual Studio\2022\Community\Team Tools\Performance Tools;C:\Program Files (x86)\Microsoft Visual Studio\Shared\Common\VSPerfCollectionTools\vs2019\;C:\Program Files (x86)\Microsoft SDKs\Windows\v10.0A\bin\NETFX 4.8 Tools\;C:\Program Files (x86)\Windows Kits\10\bin\10.0.19041.0\\x86;C:\Program Files (x86)\Windows Kits\10\bin\\x86;C:\Program Files\Microsoft Visual Studio\2022\Community\\MSBuild\Current\Bin\amd64;C:\WINDOWS\Microsoft.NET\Framework\v4.0.30319;C:\Program Files\Microsoft Visual Studio\2022\Community\Common7\IDE\;C:\Program Files\Microsoft Visual Studio\2022\Community\Common7\Tools\;C:\WINDOWS\system32;C:\WINDOWS;C:\WINDOWS\System32\WindowsPowerShell\v1.0;C:\WINDOWS\System32\Wbem;C:\WINDOWS\System32\OpenSSH\;C:\Program Files\PowerShell\7\;C:\Program Files\dotnet\;C:\Program Files\Git\cmd;C:\WINDOWS\System32\WindowsPowerShell\v1.0\;C:\ProgramData\chocolatey\bin;C:\Program Files\Notepad++;C:\Users\dldic\AppData\Local\Microsoft\WindowsApps;C:\Program Files\Microsoft Visual Studio\2022\Community\Common7\IDE\CommonExtensions\Microsoft\CMake\CMake\bin;C:\Program Files\Microsoft Visual Studio\2022\Community\Common7\IDE\CommonExtensions\Microsoft\CMake\Ninja;C:\Program Files\Microsoft Visual Studio\2022\Community\Common7\IDE\VC\Linux\bin\ConnectionManagerExe;C:\storage\transmitterdan\OpenCPN\build\NSIS-Package.3.0.8.1\NSIS\;C:\storage\transmitterdan\OpenCPN\build\NSIS-Package.3.0.8.1\NSIS\bin\;C:\storage\transmitterdan\OpenCPN\build\Gettext.Tools.0.21.1\tools\bin\;C:\storage\transmitterdan\OpenCPN\build\NSIS-Package.3.0.8.1\NSIS\;C:\storage\transmitterdan\OpenCPN\build\NSIS-Package.3.0.8.1\NSIS\bin\;C:\storage\transmitterdan\OpenCPN\build\Gettext.Tools.0.21.1\tools\bin\;C:\storage\transmitterdan\OpenCPN\build\NSIS-Package.3.0.8.1\NSIS\;C:\storage\transmitterdan\OpenCPN\build\NSIS-Package.3.0.8.1\NSIS\bin\;C:\storage\transmitterdan\OpenCPN\build\Gettext.Tools.0.21.1\tools\bin\
19:58:23.408 MESSAGE plugin_loader.cpp:250 Loading plugins from dir: C:\storage\transmitterdan\OpenCPN\build\Release\plugins
19:58:23.408 MESSAGE plugin_loader.cpp:437 PluginLoader searching for PlugIns in location C:\storage\transmitterdan\OpenCPN\build\Release\plugins
19:58:23.411 MESSAGE plugin_loader.cpp:475 Found 4 candidates
19:58:23.411 MESSAGE plugin_loader.cpp:270 Checking plugin candidate: C:\storage\transmitterdan\OpenCPN\build\Release\plugins\chartdldr_pi.dll
19:58:23.411 MESSAGE plugin_loader.cpp:270 Checking plugin candidate: C:\storage\transmitterdan\OpenCPN\build\Release\plugins\dashboard_pi.dll
19:58:23.411 MESSAGE plugin_loader.cpp:270 Checking plugin candidate: C:\storage\transmitterdan\OpenCPN\build\Release\plugins\grib_pi.dll
19:58:23.411 MESSAGE plugin_loader.cpp:270 Checking plugin candidate: C:\storage\transmitterdan\OpenCPN\build\Release\plugins\wmm_pi.dll
19:58:24.273 MESSAGE OCPNPlatform.cpp:966 ChangeLocale: Language load for:  en_US
19:58:24.275 MESSAGE OCPNPlatform.cpp:1019 ChangeLocale: Locale Init OK for:  en_US
19:58:24.275 MESSAGE OCPNPlatform.cpp:1039 Loaded translation catalog for:  opencpn-chartdldr_pi
19:58:24.276 MESSAGE OCPNPlatform.cpp:1039 Loaded translation catalog for:  opencpn-wmm_pi
19:58:24.276 MESSAGE OCPNPlatform.cpp:1044 Loading catalog for opencpn core.
19:58:24.277 MESSAGE OCPNPlatform.cpp:885 Getting DefaultSystemLocale...
19:58:24.278 MESSAGE OCPNPlatform.cpp:906 Found LanguageInfo for: English
19:58:29.740 MESSAGE plugin_loader.cpp:245 PluginLoader: loading plugins from C:\storage\transmitterdan\OpenCPN\build\Release\plugins
19:58:29.740 MESSAGE plugin_loader.cpp:170 Using PATH: C:\storage\transmitterdan\OpenCPN\build\Release\plugins;C:\storage\transmitterdan\OpenCPN\build\Release\plugins;C:\storage\transmitterdan\OpenCPN\build\Release\plugins;C:\Program Files\Microsoft Visual Studio\2022\Community\VC\Tools\MSVC\14.35.32215\bin\HostX86\x86;C:\Program Files\Microsoft Visual Studio\2022\Community\Common7\IDE\VC\VCPackages;C:\Program Files\Microsoft Visual Studio\2022\Community\Common7\IDE\CommonExtensions\Microsoft\TestWindow;C:\Program Files\Microsoft Visual Studio\2022\Community\Common7\IDE\CommonExtensions\Microsoft\TeamFoundation\Team Explorer;C:\Program Files\Microsoft Visual Studio\2022\Community\MSBuild\Current\bin\Roslyn;C:\Program Files\Microsoft Visual Studio\2022\Community\Team Tools\Performance Tools;C:\Program Files (x86)\Microsoft Visual Studio\Shared\Common\VSPerfCollectionTools\vs2019\;C:\Program Files (x86)\Microsoft SDKs\Windows\v10.0A\bin\NETFX 4.8 Tools\;C:\Program Files (x86)\Windows Kits\10\bin\10.0.19041.0\\x86;C:\Program Files (x86)\Windows Kits\10\bin\\x86;C:\Program Files\Microsoft Visual Studio\2022\Community\\MSBuild\Current\Bin\amd64;C:\WINDOWS\Microsoft.NET\Framework\v4.0.30319;C:\Program Files\Microsoft Visual Studio\2022\Community\Common7\IDE\;C:\Program Files\Microsoft Visual Studio\2022\Community\Common7\Tools\;C:\WINDOWS\system32;C:\WINDOWS;C:\WINDOWS\System32\WindowsPowerShell\v1.0;C:\WINDOWS\System32\Wbem;C:\WINDOWS\System32\OpenSSH\;C:\Program Files\PowerShell\7\;C:\Program Files\dotnet\;C:\Program Files\Git\cmd;C:\WINDOWS\System32\WindowsPowerShell\v1.0\;C:\ProgramData\chocolatey\bin;C:\Program Files\Notepad++;C:\Users\dldic\AppData\Local\Microsoft\WindowsApps;C:\Program Files\Microsoft Visual Studio\2022\Community\Common7\IDE\CommonExtensions\Microsoft\CMake\CMake\bin;C:\Program Files\Microsoft Visual Studio\2022\Community\Common7\IDE\CommonExtensions\Microsoft\CMake\Ninja;C:\Program Files\Microsoft Visual Studio\2022\Community\Common7\IDE\VC\Linux\bin\ConnectionManagerExe;C:\storage\transmitterdan\OpenCPN\build\NSIS-Package.3.0.8.1\NSIS\;C:\storage\transmitterdan\OpenCPN\build\NSIS-Package.3.0.8.1\NSIS\bin\;C:\storage\transmitterdan\OpenCPN\build\Gettext.Tools.0.21.1\tools\bin\;C:\storage\transmitterdan\OpenCPN\build\NSIS-Package.3.0.8.1\NSIS\;C:\storage\transmitterdan\OpenCPN\build\NSIS-Package.3.0.8.1\NSIS\bin\;C:\storage\transmitterdan\OpenCPN\build\Gettext.Tools.0.21.1\tools\bin\;C:\storage\transmitterdan\OpenCPN\build\NSIS-Package.3.0.8.1\NSIS\;C:\storage\transmitterdan\OpenCPN\build\NSIS-Package.3.0.8.1\NSIS\bin\;C:\storage\transmitterdan\OpenCPN\build\Gettext.Tools.0.21.1\tools\bin\
19:58:29.740 MESSAGE plugin_loader.cpp:250 Loading plugins from dir: C:\storage\transmitterdan\OpenCPN\build\Release\plugins
19:58:29.740 MESSAGE plugin_loader.cpp:437 PluginLoader searching for PlugIns in location C:\storage\transmitterdan\OpenCPN\build\Release\plugins
19:58:29.756 MESSAGE plugin_loader.cpp:475 Found 4 candidates
19:58:29.756 MESSAGE plugin_loader.cpp:270 Checking plugin candidate: C:\storage\transmitterdan\OpenCPN\build\Release\plugins\chartdldr_pi.dll
19:58:29.756 MESSAGE plugin_loader.cpp:270 Checking plugin candidate: C:\storage\transmitterdan\OpenCPN\build\Release\plugins\dashboard_pi.dll
19:58:29.756 MESSAGE plugin_loader.cpp:270 Checking plugin candidate: C:\storage\transmitterdan\OpenCPN\build\Release\plugins\grib_pi.dll
19:58:29.756 MESSAGE plugin_loader.cpp:270 Checking plugin candidate: C:\storage\transmitterdan\OpenCPN\build\Release\plugins\wmm_pi.dll
19:58:36.136 MESSAGE OCPNPlatform.cpp:966 ChangeLocale: Language load for:  en_US
19:58:36.136 MESSAGE OCPNPlatform.cpp:1019 ChangeLocale: Locale Init OK for:  en_US
19:58:36.136 MESSAGE OCPNPlatform.cpp:1039 Loaded translation catalog for:  opencpn-chartdldr_pi
19:58:36.136 MESSAGE OCPNPlatform.cpp:1039 Loaded translation catalog for:  opencpn-wmm_pi
19:58:36.136 MESSAGE OCPNPlatform.cpp:1044 Loading catalog for opencpn core.
19:58:36.136 MESSAGE OCPNPlatform.cpp:885 Getting DefaultSystemLocale...
19:58:36.136 MESSAGE OCPNPlatform.cpp:906 Found LanguageInfo for: English
19:58:41.874 MESSAGE plugin_loader.cpp:1187 PluginLoader: Loading PlugIn: C:\storage\transmitterdan\OpenCPN\build\Release\plugins\dashboard_pi.dll
19:58:41.883 MESSAGE plugin_loader.cpp:550 PluginLoader: Initializing PlugIn: C:\storage\transmitterdan\OpenCPN\build\Release\plugins\dashboard_pi.dll
19:58:41.944 MESSAGE glChartCanvas.cpp:554 BuildFBO 3
19:58:41.944 MESSAGE glChartCanvas.cpp:1009 OpenGL-> Framebuffer OK, size = 1326
19:58:43.467 MESSAGE plugin_loader.cpp:1187 PluginLoader: Loading PlugIn: C:\storage\transmitterdan\OpenCPN\build\Release\plugins\grib_pi.dll
19:58:43.478 MESSAGE plugin_loader.cpp:550 PluginLoader: Initializing PlugIn: C:\storage\transmitterdan\OpenCPN\build\Release\plugins\grib_pi.dll
19:58:43.480 MESSAGE grib_pi.cpp:152 
19:58:56.781 MESSAGE chcanv.cpp:2398 Metrics:  m_display_size_mm: 508     g_Platform->getDisplaySize():  1920:1080   
19:58:56.781 MESSAGE chcanv.cpp:2403 wxDisplaySize(): 1920 1080
19:58:56.872 MESSAGE glChartCanvas.cpp:554 BuildFBO 3
19:58:56.872 MESSAGE glChartCanvas.cpp:1009 OpenGL-> Framebuffer OK, size = 1326
19:58:56.899 MESSAGE glChartCanvas.cpp:554 BuildFBO 3
19:58:56.900 MESSAGE glChartCanvas.cpp:1009 OpenGL-> Framebuffer OK, size = 1326
19:58:56.915 MESSAGE glChartCanvas.cpp:554 BuildFBO 3
19:58:56.916 MESSAGE glChartCanvas.cpp:1009 OpenGL-> Framebuffer OK, size = 1326
19:58:56.918 MESSAGE glChartCanvas.cpp:554 BuildFBO 3
19:58:56.933 MESSAGE glChartCanvas.cpp:1009 OpenGL-> Framebuffer OK, size = 1326
20:00:00.601 MESSAGE ocpn_frame.cpp:5640 LOGBOOK:  2023-04-04 01:00:00 UTC  GPS Lat   37.83312 Lon -122.64464 COG  300.50000 SOG   6.70 kts
20:01:21.339 MESSAGE chartdb.cpp:1169 Creating new chart
20:01:21.339 MESSAGE chartdb.cpp:1286 Initializing Chart ..\..\..\Charts\ENC\US_REGION14\US2WC05M\US2WC05M.000
20:01:21.339 MESSAGE s57chart.cpp:2702 S57chart::Checking SENC file: SENC\DCE018C8E339_US2WC05M.S57
20:01:21.339 MESSAGE s57chart.cpp:2805     Rebuilding SENC due to missing SENC file.
20:01:21.339 MESSAGE chartdb.cpp:1123 OpenChartUsingCache, NOT in cache:   cache size: 6

20:01:21.339 MESSAGE chartdb.cpp:1126    OpenChartUsingCache:  type 5  ..\..\..\Charts\ENC\US_REGION14\US1WC01M\US1WC01M.000
20:01:21.339 MESSAGE chartdb.cpp:1169 Creating new chart
20:01:21.339 MESSAGE chartdb.cpp:1286 Initializing Chart ..\..\..\Charts\ENC\US_REGION14\US1WC01M\US1WC01M.000
20:01:21.339 MESSAGE s57chart.cpp:2702 S57chart::Checking SENC file: SENC\8B9121B696A3_US1WC01M.S57
20:01:21.339 MESSAGE s57chart.cpp:2805     Rebuilding SENC due to missing SENC file.
20:01:21.395 MESSAGE Osenc.cpp:1058 Preparing to apply ENC updates, target final update is   2.
20:01:21.402   ERROR filefn.cpp:1045 File 'SENC\US2WC05M.000' couldn't be removed (error 32: The process cannot access the file because it is being used by another process.)
20:01:22.030 MESSAGE Osenc.cpp:1058 Preparing to apply ENC updates, target final update is  29.
20:01:22.108   ERROR filefn.cpp:1045 File 'SENC\US1WC01M.000' couldn't be removed (error 32: The process cannot access the file because it is being used by another process.)
20:30:00.573 MESSAGE ocpn_frame.cpp:5640 LOGBOOK:  2023-04-04 01:30:00 UTC  GPS Lat   37.85740 Lon -122.70111 COG  294.50000 SOG   6.10 kts
21:00:00.985 MESSAGE ocpn_frame.cpp:5640 LOGBOOK:  2023-04-04 02:00:00 UTC  GPS Lat   37.88199 Lon -122.76767 COG  302.20000 SOG   6.80 kts
21:30:00.400 MESSAGE ocpn_frame.cpp:5640 LOGBOOK:  2023-04-04 02:30:00 UTC  GPS Lat   37.80832 Lon -122.44679 COG  100.30000 SOG   6.90 kts
22:00:00.864 MESSAGE ocpn_frame.cpp:5640 LOGBOOK:  2023-04-04 03:00:00 UTC  GPS Lat   37.81641 Lon -122.48383 COG  255.40000 SOG   5.70 kts
22:30:00.386 MESSAGE ocpn_frame.cpp:5640 LOGBOOK:  2023-04-04 03:30:00 UTC  GPS Lat   37.81132 Lon -122.54216 COG  271.70000 SOG   6.30 kts
23:00:00.938 MESSAGE ocpn_frame.cpp:5640 LOGBOOK:  2023-04-04 04:00:00 UTC  GPS Lat   37.81462 Lon -122.60290 COG  285.90000 SOG   6.10 kts
23:30:00.387 MESSAGE ocpn_frame.cpp:5640 LOGBOOK:  2023-04-04 04:30:00 UTC  GPS Lat   37.84081 Lon -122.66160 COG  296.70000 SOG   5.70 kts
00:00:00.006 MESSAGE ocpn_frame.cpp:5640 LOGBOOK:  2023-04-04 05:00:00 UTC  GPS Lat   37.86397 Lon -122.71997 COG  288.40000 SOG   5.60 kts
00:30:00.478 MESSAGE ocpn_frame.cpp:5640 LOGBOOK:  2023-04-04 05:30:00 UTC  GPS Lat   37.89051 Lon -122.78822 COG  304.30000 SOG   6.70 kts
01:00:00.110 MESSAGE ocpn_frame.cpp:5640 LOGBOOK:  2023-04-04 06:00:00 UTC  GPS Lat   37.81165 Lon -122.44541 COG  158.50000 SOG   5.80 kts
01:30:00.670 MESSAGE ocpn_frame.cpp:5640 LOGBOOK:  2023-04-04 06:30:00 UTC  GPS Lat   37.81528 Lon -122.49969 COG  259.20000 SOG   5.60 kts
02:00:00.051 MESSAGE ocpn_frame.cpp:5640 LOGBOOK:  2023-04-04 07:00:00 UTC  GPS Lat   37.81197 Lon -122.56241 COG  264.00000 SOG   6.40 kts
02:30:00.521 MESSAGE ocpn_frame.cpp:5640 LOGBOOK:  2023-04-04 07:30:00 UTC  GPS Lat   37.82159 Lon -122.62276 COG  305.10000 SOG   6.90 kts
03:00:00.971 MESSAGE ocpn_frame.cpp:5640 LOGBOOK:  2023-04-04 08:00:00 UTC  GPS Lat   37.84925 Lon -122.67996 COG  304.60000 SOG   6.10 kts
03:00:29.449 MESSAGE comm_drv_n0183_net.cpp:487 NetworkDataStream connection lost: TCP:192.168.1.14:2947
03:00:34.489 MESSAGE comm_drv_n0183_net.cpp:523 TCP NetworkDataStream connection established: TCP:192.168.1.14:2947
03:30:00.799 MESSAGE ocpn_frame.cpp:5640 LOGBOOK:  2023-04-04 08:30:00 UTC  GPS Lat   37.87237 Lon -122.74085 COG  300.30000 SOG   6.40 kts
04:00:00.738 MESSAGE ocpn_frame.cpp:5640 LOGBOOK:  2023-04-04 09:00:00 UTC  GPS Lat   37.90048 Lon -122.80876 COG  303.70000 SOG   7.10 kts
06:41:25.741 MESSAGE ocpn_app.cpp:1205 

________

06:41:25.741    INFO logger.cpp:130 ------- OpenCPN version 5.7.1 restarted at 2023-04-04 -------

06:41:25.741    INFO logger.cpp:130 Using loglevel INFO
06:41:25.741 MESSAGE ocpn_app.cpp:1229 wxWidgets version: wxWidgets 3.2.2.1 Microsoft Windows NT 64 bit wxMSW
06:41:25.741 MESSAGE ocpn_app.cpp:1234 OS Version reports as:  10.0
06:41:25.741 MESSAGE ocpn_app.cpp:1236 MemoryStatus:  mem_total: 15720 mb,  mem_initial: 20 mb
06:41:25.741 MESSAGE ocpn_app.cpp:1248 OCPN_OSDetail:  x86_64 ; msvc-wx32 ; 10 ;  ; 
06:41:25.741 MESSAGE ocpn_app.cpp:1255 SData_Locn is C:\storage\transmitterdan\OpenCPN\build\Release\
06:41:25.741 MESSAGE ocpn_app.cpp:1270 PrivateDataDir is C:\storage\transmitterdan\OpenCPN\build\Release
06:41:25.914 MESSAGE ocpn_app.cpp:1354 Using existing Config_File: C:\storage\transmitterdan\OpenCPN\build\Release\opencpn.ini
06:41:25.930 MESSAGE navutil.cpp:1262 winPluginDir, read from ini file: .\
06:41:25.930 MESSAGE navutil.cpp:1346 Setting Ownship Lat/Lon 37.9118, -122.827
06:41:25.930 MESSAGE navutil.cpp:3211 Switch InlandEcdis mode Off
06:41:25.945 MESSAGE styles.cpp:841 Styles loading from C:\storage\transmitterdan\OpenCPN\build\Release\uidata\styles.xml
06:41:25.945 MESSAGE styles.cpp:818 No styles found at: C:\storage\transmitterdan\OpenCPN\build\Release\
06:41:25.945 MESSAGE styles.cpp:801 No styles found at: C:\storage\transmitterdan\OpenCPN\build\Release\.opencpn\
06:41:25.977 MESSAGE styles.cpp:775 Using SVG Icons
06:41:25.977 MESSAGE ocpn_app.cpp:1415 Detected display size (horizontal): 344 mm
06:41:25.977 MESSAGE OCPNPlatform.cpp:834 Adding catalog lookup path:  C:\storage\transmitterdan\OpenCPN\build\Release\share\locale
06:41:25.977 MESSAGE base_platform.cpp:336 winPluginDir: Using value from ini file.
06:41:25.977 MESSAGE OCPNPlatform.cpp:844 Adding catalog lookup path:  C:\storage\transmitterdan\OpenCPN\build\share\locale
06:41:25.977 MESSAGE OCPNPlatform.cpp:885 Getting DefaultSystemLocale...
06:41:25.977 MESSAGE OCPNPlatform.cpp:906 Found LanguageInfo for: English
06:41:25.977 MESSAGE ocpn_app.cpp:1451 System default Language:  en
06:41:25.977 MESSAGE ocpn_app.cpp:1454 Config file language:  en_US
06:41:25.977 MESSAGE ocpn_app.cpp:1459 Adjusted App language:  en_US
06:41:25.977 MESSAGE OCPNPlatform.cpp:966 ChangeLocale: Language load for:  en_US
06:41:26.118 MESSAGE OCPNPlatform.cpp:1019 ChangeLocale: Locale Init OK for:  en_US
06:41:26.118 MESSAGE OCPNPlatform.cpp:1044 Loading catalog for opencpn core.
06:41:26.118 MESSAGE OCPNPlatform.cpp:885 Getting DefaultSystemLocale...
06:41:26.118 MESSAGE OCPNPlatform.cpp:906 Found LanguageInfo for: English
06:41:26.118 MESSAGE ocpn_app.cpp:1466 Opencpn language set to:  en_US
06:41:26.118 MESSAGE ConfigMgr.cpp:624 Loading Configs catalog: C:\storage\transmitterdan\OpenCPN\build\Release\Configs\configs.xml
06:41:26.134 MESSAGE ocpn_app.cpp:1709 Creating MyFrame...size(1344, 722)  position(0, 0)
06:41:26.134   ERROR file.cpp:216 can't open file 'C:\storage\transmitterdan\OpenCPN\build\Release\MMSINAME.CSV' (error 2: The system cannot find the file specified.)
06:41:26.134 MESSAGE ocpn_frame.cpp:838  **** Connect stuff
06:41:27.498 MESSAGE chcanv.cpp:990 Creating glChartCanvas
06:41:27.729 MESSAGE chcanv.cpp:2398 Metrics:  m_display_size_mm: 344     g_Platform->getDisplaySize():  1920:1080   
06:41:27.729 MESSAGE chcanv.cpp:2403 wxDisplaySize(): 1920 1080
06:41:27.729 MESSAGE TCDataSource.cpp:50 Loading Tide/Current data source: tcdata\harmonics-dwf-20210110-free.tcd
06:41:28.261 MESSAGE TCDataSource.cpp:50 Loading Tide/Current data source: tcdata\HARMONICS_NO_US.IDX
06:41:28.590 MESSAGE chartdb.cpp:214 ChartDB Cache policy:  Application target is 1024 MBytes
06:41:28.590 MESSAGE chartdbs.cpp:156 Loading chart db version: V018
06:41:28.590 MESSAGE chartdbs.cpp:1210 Chartdb: Chart directory list follows
06:41:28.590 MESSAGE chartdbs.cpp:1229   Chart directory #0: ..\..\..\Charts
06:41:28.606 MESSAGE ocpn_app.cpp:1878 GPS Watchdog Timeout is: 10 sec.
06:41:28.606 MESSAGE chartdb.cpp:1123 OpenChartUsingCache, NOT in cache:   cache size: 0

06:41:28.606 MESSAGE chartdb.cpp:1126    OpenChartUsingCache:  type 5  ..\..\..\Charts\ENC\US_REGION14\US2WC05M\US2WC05M.000
06:41:28.606 MESSAGE chartdb.cpp:1169 Creating new chart
06:41:28.621 MESSAGE chartsymbols.cpp:708 ChartSymbols loaded from .\s57data\chartsymbols.xml
06:41:28.713 MESSAGE ocpn_frame.cpp:8534 Using s57data in .\s57data
06:41:28.860 MESSAGE chartdb.cpp:1286 Initializing Chart ..\..\..\Charts\ENC\US_REGION14\US2WC05M\US2WC05M.000
06:41:28.863 MESSAGE s57chart.cpp:2702 S57chart::Checking SENC file: SENC\DCE018C8E339_US2WC05M.S57
06:41:28.932 MESSAGE chartdb.cpp:1123 OpenChartUsingCache, NOT in cache:   cache size: 1

06:41:28.932 MESSAGE chartdb.cpp:1126    OpenChartUsingCache:  type 5  ..\..\..\Charts\ENC\US_REGION14\US1WC01M\US1WC01M.000
06:41:28.932 MESSAGE chartdb.cpp:1169 Creating new chart
06:41:28.933 MESSAGE chartdb.cpp:1286 Initializing Chart ..\..\..\Charts\ENC\US_REGION14\US1WC01M\US1WC01M.000
06:41:28.935 MESSAGE s57chart.cpp:2702 S57chart::Checking SENC file: SENC\8B9121B696A3_US1WC01M.S57
06:41:29.074 MESSAGE ocpn_app.cpp:1958 OpenCPN Initialized in 7183 ms.
06:41:31.382 MESSAGE REST_server.cpp:755 Portable REST server IP: Port https://0.0.0.0:8444
06:41:31.401 MESSAGE glChartCanvas.cpp:1038 OpenGL-> Renderer String: AMD Radeon(TM) Graphics
06:41:31.401 MESSAGE glChartCanvas.cpp:1047 OpenGL-> Version reported:  4.6.14761 Compatibility Profile Context 21.30.14 30.0.13014.8
06:41:31.401 MESSAGE glChartCanvas.cpp:1054 OpenGL-> GLSL Version reported:  4.60
06:41:31.409 MESSAGE glChartCanvas.cpp:1137 OpenGL-> Texture rectangle format: de1
06:41:31.409 MESSAGE glChartCanvas.cpp:1152 OpenGL-> Using Vertexbuffer Objects
06:41:31.409 MESSAGE glChartCanvas.cpp:1009 OpenGL-> Framebuffer OK, size = 1326
06:41:31.409 MESSAGE glChartCanvas.cpp:1220 OpenGL-> Using Framebuffer Objects
06:41:31.409 MESSAGE glChartCanvas.cpp:1223 OpenGL-> Using FBO Stencil buffer
06:41:31.409 MESSAGE glChartCanvas.cpp:1230 OpenGL-> Using Stencil buffer clipping
06:41:31.409 MESSAGE glChartCanvas.cpp:1235 OpenGL-> Using Scissor Clipping
06:41:31.409 MESSAGE glChartCanvas.cpp:1342 OpenGL-> Using s3tc dxt1 compression
06:41:31.409 MESSAGE glChartCanvas.cpp:1371 OpenGL-> Compressed tile size: 128kb (8:1)
06:41:31.409 MESSAGE glChartCanvas.cpp:1246 OpenGL-> Minimum cartographic line width:  1.0
06:41:31.409 MESSAGE glChartCanvas.cpp:1249 OpenGL-> Minimum symbol line width:  1.0
06:41:31.674 MESSAGE ocpn_frame.cpp:4738 OnInitTimer...0
06:41:32.440 MESSAGE waypointman_gui.cpp:58 DPMM: 5.5814   ScaleFactorExp: 1
06:41:32.440 MESSAGE waypointman_gui.cpp:65 Looking for UserIcons at C:\storage\transmitterdan\OpenCPN\build\Release\UserIcons/
06:41:32.440 MESSAGE waypointman_gui.cpp:68 Loading UserIcons from C:\storage\transmitterdan\OpenCPN\build\Release\UserIcons/
06:41:32.441 MESSAGE navutil.cpp:1693 Loading navobjects from navobj.xml
06:41:32.476 MESSAGE navutil.cpp:1704 Done loading navobjects, 0 duplicate waypoints ignored
06:41:32.477 MESSAGE ocpn_frame.cpp:4833 Getting .gpx layer files from: C:\storage\transmitterdan\OpenCPN\build\Release\layers
06:41:32.713 MESSAGE ocpn_frame.cpp:4738 OnInitTimer...1
06:41:32.713 MESSAGE comm_drv_factory.cpp:52 MakeCommDriver: TCP:192.168.1.14:2947
06:41:32.720 MESSAGE comm_drv_n0183_net.cpp:288 Opening TCP Server 0
06:41:32.838 MESSAGE comm_drv_n0183_net.cpp:523 TCP NetworkDataStream connection established: TCP:192.168.1.14:2947
06:41:32.894 MESSAGE ocpn_frame.cpp:4738 OnInitTimer...2
06:41:32.895 MESSAGE plugin_loader.cpp:245 PluginLoader: loading plugins from C:\storage\transmitterdan\OpenCPN\build\Release\plugins
06:41:32.895 MESSAGE plugin_loader.cpp:170 Using PATH: C:\storage\transmitterdan\OpenCPN\build\Release\plugins;C:\Program Files\Microsoft Visual Studio\2022\Community\VC\Tools\MSVC\14.35.32215\bin\HostX86\x86;C:\Program Files\Microsoft Visual Studio\2022\Community\Common7\IDE\VC\VCPackages;C:\Program Files\Microsoft Visual Studio\2022\Community\Common7\IDE\CommonExtensions\Microsoft\TestWindow;C:\Program Files\Microsoft Visual Studio\2022\Community\Common7\IDE\CommonExtensions\Microsoft\TeamFoundation\Team Explorer;C:\Program Files\Microsoft Visual Studio\2022\Community\MSBuild\Current\bin\Roslyn;C:\Program Files\Microsoft Visual Studio\2022\Community\Team Tools\Performance Tools;C:\Program Files (x86)\Microsoft Visual Studio\Shared\Common\VSPerfCollectionTools\vs2019\;C:\Program Files (x86)\Microsoft SDKs\Windows\v10.0A\bin\NETFX 4.8 Tools\;C:\Program Files (x86)\Windows Kits\10\bin\10.0.19041.0\\x86;C:\Program Files (x86)\Windows Kits\10\bin\\x86;C:\Program Files\Microsoft Visual Studio\2022\Community\\MSBuild\Current\Bin\amd64;C:\WINDOWS\Microsoft.NET\Framework\v4.0.30319;C:\Program Files\Microsoft Visual Studio\2022\Community\Common7\IDE\;C:\Program Files\Microsoft Visual Studio\2022\Community\Common7\Tools\;C:\WINDOWS\system32;C:\WINDOWS;C:\WINDOWS\System32\WindowsPowerShell\v1.0;C:\WINDOWS\System32\Wbem;C:\WINDOWS\System32\OpenSSH\;C:\Program Files\PowerShell\7\;C:\Program Files\dotnet\;C:\Program Files\Git\cmd;C:\WINDOWS\System32\WindowsPowerShell\v1.0\;C:\ProgramData\chocolatey\bin;C:\Program Files\Notepad++;C:\Users\dldic\AppData\Local\Microsoft\WindowsApps;C:\Program Files\Microsoft Visual Studio\2022\Community\Common7\IDE\CommonExtensions\Microsoft\CMake\CMake\bin;C:\Program Files\Microsoft Visual Studio\2022\Community\Common7\IDE\CommonExtensions\Microsoft\CMake\Ninja;C:\Program Files\Microsoft Visual Studio\2022\Community\Common7\IDE\VC\Linux\bin\ConnectionManagerExe;C:\storage\transmitterdan\OpenCPN\build\NSIS-Package.3.0.8.1\NSIS\;C:\storage\transmitterdan\OpenCPN\build\NSIS-Package.3.0.8.1\NSIS\bin\;C:\storage\transmitterdan\OpenCPN\build\Gettext.Tools.0.21.1\tools\bin\;C:\storage\transmitterdan\OpenCPN\build\NSIS-Package.3.0.8.1\NSIS\;C:\storage\transmitterdan\OpenCPN\build\NSIS-Package.3.0.8.1\NSIS\bin\;C:\storage\transmitterdan\OpenCPN\build\Gettext.Tools.0.21.1\tools\bin\;C:\storage\transmitterdan\OpenCPN\build\NSIS-Package.3.0.8.1\NSIS\;C:\storage\transmitterdan\OpenCPN\build\NSIS-Package.3.0.8.1\NSIS\bin\;C:\storage\transmitterdan\OpenCPN\build\Gettext.Tools.0.21.1\tools\bin\;C:\storage\transmitterdan\OpenCPN\buildwin\..\build\NSIS-Package.3.0.8.1\NSIS\;C:\storage\transmitterdan\OpenCPN\buildwin\..\build\NSIS-Package.3.0.8.1\NSIS\bin\;C:\storage\transmitterdan\OpenCPN\buildwin\..\build\Gettext.Tools.0.21.1\tools\bin\;C:\storage\transmitterdan\OpenCPN\buildwin\..\build\NSIS-Package.3.0.8.1\NSIS\;C:\storage\transmitterdan\OpenCPN\buildwin\..\build\NSIS-Package.3.0.8.1\NSIS\bin\;C:\storage\transmitterdan\OpenCPN\buildwin\..\build\Gettext.Tools.0.21.1\tools\bin\;C:\storage\transmitterdan\OpenCPN\buildwin\..\build\NSIS-Package.3.0.8.1\NSIS\;C:\storage\transmitterdan\OpenCPN\buildwin\..\build\NSIS-Package.3.0.8.1\NSIS\bin\;C:\storage\transmitterdan\OpenCPN\buildwin\..\build\Gettext.Tools.0.21.1\tools\bin\
06:41:32.896 MESSAGE plugin_loader.cpp:250 Loading plugins from dir: C:\storage\transmitterdan\OpenCPN\build\Release\plugins
06:41:32.896 MESSAGE plugin_loader.cpp:437 PluginLoader searching for PlugIns in location C:\storage\transmitterdan\OpenCPN\build\Release\plugins
06:41:32.909 MESSAGE plugin_loader.cpp:475 Found 4 candidates
06:41:32.909 MESSAGE plugin_loader.cpp:270 Checking plugin candidate: C:\storage\transmitterdan\OpenCPN\build\Release\plugins\chartdldr_pi.dll
06:41:32.909 MESSAGE plugin_loader.cpp:1172 Plugin is compatible: true
06:41:32.909 MESSAGE plugin_loader.cpp:1187 PluginLoader: Loading PlugIn: C:\storage\transmitterdan\OpenCPN\build\Release\plugins\chartdldr_pi.dll
06:41:33.038 MESSAGE chartdldr_pi.cpp:305 chartdldr_pi:m_base_chart_dir: C:\Users\dldic\Documents\Charts
06:41:33.038 MESSAGE plugin_loader.cpp:270 Checking plugin candidate: C:\storage\transmitterdan\OpenCPN\build\Release\plugins\dashboard_pi.dll
06:41:33.038 MESSAGE plugin_loader.cpp:1172 Plugin is compatible: true
06:41:33.038 MESSAGE plugin_loader.cpp:1187 PluginLoader: Loading PlugIn: C:\storage\transmitterdan\OpenCPN\build\Release\plugins\dashboard_pi.dll
06:41:33.206 MESSAGE glChartCanvas.cpp:554 BuildFBO 3
06:41:33.222 MESSAGE glChartCanvas.cpp:1009 OpenGL-> Framebuffer OK, size = 1326
06:41:33.222 MESSAGE plugin_loader.cpp:270 Checking plugin candidate: C:\storage\transmitterdan\OpenCPN\build\Release\plugins\grib_pi.dll
06:41:33.222 MESSAGE plugin_loader.cpp:1172 Plugin is compatible: true
06:41:33.222 MESSAGE plugin_loader.cpp:1187 PluginLoader: Loading PlugIn: C:\storage\transmitterdan\OpenCPN\build\Release\plugins\grib_pi.dll
06:41:33.409 MESSAGE grib_pi.cpp:152 
06:41:33.424 MESSAGE plugin_loader.cpp:270 Checking plugin candidate: C:\storage\transmitterdan\OpenCPN\build\Release\plugins\wmm_pi.dll
06:41:33.424 MESSAGE plugin_loader.cpp:1172 Plugin is compatible: true
06:41:33.424 MESSAGE plugin_loader.cpp:1187 PluginLoader: Loading PlugIn: C:\storage\transmitterdan\OpenCPN\build\Release\plugins\wmm_pi.dll
06:41:33.740 MESSAGE wmm_pi.cpp:46 WMM: WMM model data loaded from file C:\storage\transmitterdan\OpenCPN\build\Release\plugins\wmm_pi\data\WMM.COF.
06:41:33.842 MESSAGE glChartCanvas.cpp:554 BuildFBO 3
06:41:33.842 MESSAGE glChartCanvas.cpp:1009 OpenGL-> Framebuffer OK, size = 1326
06:41:33.874 MESSAGE glChartCanvas.cpp:554 BuildFBO 3
06:41:33.874 MESSAGE glChartCanvas.cpp:1009 OpenGL-> Framebuffer OK, size = 1326
06:41:33.874 MESSAGE OCPNPlatform.cpp:966 ChangeLocale: Language load for:  en_US
06:41:33.874 MESSAGE OCPNPlatform.cpp:1019 ChangeLocale: Locale Init OK for:  en_US
06:41:33.874 MESSAGE OCPNPlatform.cpp:1039 Loaded translation catalog for:  opencpn-chartdldr_pi
06:41:33.874 MESSAGE OCPNPlatform.cpp:1039 Loaded translation catalog for:  opencpn-dashboard_pi
06:41:33.887 MESSAGE OCPNPlatform.cpp:1039 Loaded translation catalog for:  opencpn-grib_pi
06:41:33.887 MESSAGE OCPNPlatform.cpp:1039 Loaded translation catalog for:  opencpn-wmm_pi
06:41:33.887 MESSAGE OCPNPlatform.cpp:1044 Loading catalog for opencpn core.
06:41:33.887 MESSAGE OCPNPlatform.cpp:885 Getting DefaultSystemLocale...
06:41:33.890 MESSAGE OCPNPlatform.cpp:906 Found LanguageInfo for: English
06:41:33.979 MESSAGE ocpn_frame.cpp:4738 OnInitTimer...3
06:41:34.089 MESSAGE ocpn_frame.cpp:4738 OnInitTimer...4
06:41:40.739 MESSAGE options.cpp:5352 options: got device count: 1
06:41:42.324 MESSAGE ocpn_frame.cpp:4738 OnInitTimer...5
06:41:42.425 MESSAGE ocpn_frame.cpp:4738 OnInitTimer...6
06:41:42.535 MESSAGE ocpn_frame.cpp:4738 OnInitTimer...7
06:41:42.536 MESSAGE ocpn_frame.cpp:5024 OnInitTimer...Last Call
06:41:42.603 MESSAGE ocpn_frame.cpp:5042 OnInitTimer...Finalize Canvases
06:41:42.769 MESSAGE glChartCanvas.cpp:554 BuildFBO 3
06:41:42.771 MESSAGE glChartCanvas.cpp:1009 OpenGL-> Framebuffer OK, size = 1326
06:41:42.795 MESSAGE glChartCanvas.cpp:554 BuildFBO 3
06:41:42.797 MESSAGE glChartCanvas.cpp:1009 OpenGL-> Framebuffer OK, size = 1326
06:42:26.429 MESSAGE ocpn_frame.cpp:5640 LOGBOOK:  2023-04-04 11:42:26 UTC  GPS Lat   37.80881 Lon -122.44800 COG  126.40000 SOG   5.90 kts
06:47:43.775 MESSAGE plugin_loader.cpp:583 PluginLoader: Deactivating PlugIn: C:\storage\transmitterdan\OpenCPN\build\Release\plugins\chartdldr_pi.dll
06:47:43.775 MESSAGE chartdldr_pi.cpp:221 chartdldr_pi: DeInit
06:47:43.775 MESSAGE plugin_loader.cpp:583 PluginLoader: Deactivating PlugIn: C:\storage\transmitterdan\OpenCPN\build\Release\plugins\dashboard_pi.dll
06:47:43.791 MESSAGE plugin_loader.cpp:583 PluginLoader: Deactivating PlugIn: C:\storage\transmitterdan\OpenCPN\build\Release\plugins\grib_pi.dll
06:47:43.791 MESSAGE plugin_loader.cpp:583 PluginLoader: Deactivating PlugIn: C:\storage\transmitterdan\OpenCPN\build\Release\plugins\wmm_pi.dll
06:47:43.791 MESSAGE ocpn_frame.cpp:1782 opencpn::MyFrame exiting cleanly.
06:47:43.862 MESSAGE glChartCanvas.cpp:554 BuildFBO 3
06:47:43.867 MESSAGE glChartCanvas.cpp:1009 OpenGL-> Framebuffer OK, size = 1326
06:47:43.875 MESSAGE glChartCanvas.cpp:554 BuildFBO 3
06:47:43.880 MESSAGE glChartCanvas.cpp:1009 OpenGL-> Framebuffer OK, size = 1326
06:47:43.993 MESSAGE chartdb.cpp:287 Chart cache PlugIn purge
06:47:44.024 MESSAGE comm_drv_n0183_net.cpp:622 Closing NMEA NetworkDataStream 2947
06:47:44.024 MESSAGE ocpn_frame.cpp:1963 gFrame destroyed.
06:47:44.111 MESSAGE ocpn_app.cpp:2054 opencpn::MyApp starting exit.
06:47:44.111 MESSAGE ocpn_app.cpp:2093 LOGBOOK:  2023-04-04 11:47:44 UTC OFF: Lat   37.81441 Lon -122.44435 COG    6.40000 SOG   6.90 kts
06:47:44.111 MESSAGE TCDataSource.cpp:41 UnLoading Tide/Current data source: tcdata\harmonics-dwf-20210110-free.tcd
06:47:44.111 MESSAGE TCDataSource.cpp:41 UnLoading Tide/Current data source: tcdata\HARMONICS_NO_US.IDX
06:47:44.127 MESSAGE ocpn_app.cpp:2115 opencpn::MyApp exiting cleanly...

